mag 16, 2014 2:17:51 PM org.apache.catalina.core.AprLifecycleListener init
Informazioni: The APR based Apache Tomcat Native library which allows optimal performance in production environments was not found on the java.library.path: /usr/java/packages/lib/amd64:/usr/lib64:/lib64:/lib:/usr/lib
mag 16, 2014 2:17:52 PM org.apache.tomcat.util.digester.SetPropertiesRule begin
Avvertenza: [SetPropertiesRule]{Server/Service/Engine/Host} Setting property 'xmlValidation' to 'false' did not find a matching property.
mag 16, 2014 2:17:52 PM org.apache.tomcat.util.digester.SetPropertiesRule begin
Avvertenza: [SetPropertiesRule]{Server/Service/Engine/Host} Setting property 'xmlNamespaceAware' to 'false' did not find a matching property.
mag 16, 2014 2:17:52 PM org.apache.coyote.AbstractProtocol init
Informazioni: Initializing ProtocolHandler ["http-bio-8080"]
mag 16, 2014 2:17:52 PM org.apache.coyote.AbstractProtocol init
Informazioni: Initializing ProtocolHandler ["ajp-bio-8009"]
mag 16, 2014 2:17:52 PM org.apache.catalina.startup.Catalina load
Informazioni: Initialization processed in 1066 ms
mag 16, 2014 2:17:52 PM org.apache.catalina.core.StandardService startInternal
Informazioni: Starting service Catalina
mag 16, 2014 2:17:52 PM org.apache.catalina.core.StandardEngine startInternal
Informazioni: Starting Servlet Engine: Apache Tomcat/7.0.30
mag 16, 2014 2:17:52 PM org.apache.catalina.startup.HostConfig deployDirectory
Informazioni: Deploying web application directory /home/accounts/studenti/id846liu/Programmi/tomcat/webapps/CorsoStudi
mag 16, 2014 2:17:52 PM org.apache.catalina.startup.SetContextPropertiesRule begin
Avvertenza: [SetContextPropertiesRule]{Context} Setting property 'isInvokerEnabled' to 'true' did not find a matching property.
mag 16, 2014 2:17:54 PM org.apache.catalina.startup.HostConfig deployDirectory
Informazioni: Deploying web application directory /home/accounts/studenti/id846liu/Programmi/tomcat/webapps/ROOT
mag 16, 2014 2:17:54 PM org.apache.catalina.startup.SetContextPropertiesRule begin
Avvertenza: [SetContextPropertiesRule]{Context} Setting property 'isInvokerEnabled' to 'true' did not find a matching property.
mag 16, 2014 2:17:54 PM org.apache.coyote.AbstractProtocol start
Informazioni: Starting ProtocolHandler ["http-bio-8080"]
mag 16, 2014 2:17:54 PM org.apache.coyote.AbstractProtocol start
Informazioni: Starting ProtocolHandler ["ajp-bio-8009"]
mag 16, 2014 2:17:54 PM org.apache.catalina.startup.Catalina start
Informazioni: Server startup in 2357 ms
mag 16, 2014 2:40:35 PM org.apache.catalina.core.StandardContext reload
Informazioni: Reloading Context with name [/CorsoStudi] has started
mag 16, 2014 2:40:35 PM org.apache.catalina.loader.WebappClassLoader clearReferencesJdbc
Grave: The web application [/CorsoStudi] registered the JDBC driver [org.postgresql.Driver] but failed to unregister it when the web application was stopped. To prevent a memory leak, the JDBC Driver has been forcibly unregistered.
mag 16, 2014 2:40:36 PM org.apache.catalina.core.StandardContext reload
Informazioni: Reloading Context with name [/CorsoStudi] is completed
mag 16, 2014 2:43:36 PM org.apache.catalina.core.StandardContext reload
Informazioni: Reloading Context with name [/CorsoStudi] has started
mag 16, 2014 2:43:36 PM org.apache.catalina.loader.WebappClassLoader clearReferencesJdbc
Grave: The web application [/CorsoStudi] registered the JDBC driver [org.postgresql.Driver] but failed to unregister it when the web application was stopped. To prevent a memory leak, the JDBC Driver has been forcibly unregistered.
mag 16, 2014 2:43:36 PM org.apache.catalina.core.StandardContext reload
Informazioni: Reloading Context with name [/CorsoStudi] is completed
mag 16, 2014 2:44:36 PM org.apache.catalina.core.StandardContext reload
Informazioni: Reloading Context with name [/CorsoStudi] has started
mag 16, 2014 2:44:36 PM org.apache.catalina.loader.WebappClassLoader clearReferencesJdbc
Grave: The web application [/CorsoStudi] registered the JDBC driver [org.postgresql.Driver] but failed to unregister it when the web application was stopped. To prevent a memory leak, the JDBC Driver has been forcibly unregistered.
mag 16, 2014 2:44:36 PM org.apache.catalina.core.StandardContext reload
Informazioni: Reloading Context with name [/CorsoStudi] is completed
mag 16, 2014 2:45:26 PM org.apache.catalina.core.StandardContext reload
Informazioni: Reloading Context with name [/CorsoStudi] has started
mag 16, 2014 2:45:26 PM org.apache.catalina.loader.WebappClassLoader clearReferencesJdbc
Grave: The web application [/CorsoStudi] registered the JDBC driver [org.postgresql.Driver] but failed to unregister it when the web application was stopped. To prevent a memory leak, the JDBC Driver has been forcibly unregistered.
mag 16, 2014 2:45:27 PM org.apache.catalina.core.StandardContext reload
Informazioni: Reloading Context with name [/CorsoStudi] is completed
mag 16, 2014 2:47:27 PM org.apache.catalina.core.StandardContext reload
Informazioni: Reloading Context with name [/CorsoStudi] has started
mag 16, 2014 2:47:27 PM org.apache.catalina.loader.WebappClassLoader clearReferencesJdbc
Grave: The web application [/CorsoStudi] registered the JDBC driver [org.postgresql.Driver] but failed to unregister it when the web application was stopped. To prevent a memory leak, the JDBC Driver has been forcibly unregistered.
mag 16, 2014 2:47:27 PM org.apache.catalina.core.StandardContext reload
Informazioni: Reloading Context with name [/CorsoStudi] is completed
mag 16, 2014 2:47:57 PM org.apache.catalina.core.StandardContext reload
Informazioni: Reloading Context with name [/CorsoStudi] has started
mag 16, 2014 2:47:57 PM org.apache.catalina.loader.WebappClassLoader clearReferencesJdbc
Grave: The web application [/CorsoStudi] registered the JDBC driver [org.postgresql.Driver] but failed to unregister it when the web application was stopped. To prevent a memory leak, the JDBC Driver has been forcibly unregistered.
mag 16, 2014 2:47:57 PM org.apache.catalina.core.StandardContext reload
Informazioni: Reloading Context with name [/CorsoStudi] is completed
mag 16, 2014 2:58:38 PM org.apache.catalina.core.StandardContext reload
Informazioni: Reloading Context with name [/CorsoStudi] has started
mag 16, 2014 2:58:38 PM org.apache.catalina.loader.WebappClassLoader clearReferencesJdbc
Grave: The web application [/CorsoStudi] registered the JDBC driver [org.postgresql.Driver] but failed to unregister it when the web application was stopped. To prevent a memory leak, the JDBC Driver has been forcibly unregistered.
mag 16, 2014 2:58:38 PM org.apache.catalina.core.StandardContext reload
Informazioni: Reloading Context with name [/CorsoStudi] is completed
mag 16, 2014 3:04:48 PM org.apache.catalina.core.StandardServer await
Informazioni: A valid shutdown command was received via the shutdown port. Stopping the Server instance.
mag 16, 2014 3:04:48 PM org.apache.coyote.AbstractProtocol pause
Informazioni: Pausing ProtocolHandler ["http-bio-8080"]
mag 16, 2014 3:04:48 PM org.apache.coyote.AbstractProtocol pause
Informazioni: Pausing ProtocolHandler ["ajp-bio-8009"]
mag 16, 2014 3:04:48 PM org.apache.catalina.core.StandardService stopInternal
Informazioni: Stopping service Catalina
mag 16, 2014 3:04:51 PM org.apache.catalina.core.AprLifecycleListener init
Informazioni: The APR based Apache Tomcat Native library which allows optimal performance in production environments was not found on the java.library.path: /usr/java/packages/lib/amd64:/usr/lib64:/lib64:/lib:/usr/lib
mag 16, 2014 3:04:51 PM org.apache.tomcat.util.digester.SetPropertiesRule begin
Avvertenza: [SetPropertiesRule]{Server/Service/Engine/Host} Setting property 'xmlValidation' to 'false' did not find a matching property.
mag 16, 2014 3:04:51 PM org.apache.tomcat.util.digester.SetPropertiesRule begin
Avvertenza: [SetPropertiesRule]{Server/Service/Engine/Host} Setting property 'xmlNamespaceAware' to 'false' did not find a matching property.
mag 16, 2014 3:04:51 PM org.apache.coyote.AbstractProtocol init
Informazioni: Initializing ProtocolHandler ["http-bio-8080"]
mag 16, 2014 3:04:51 PM org.apache.coyote.AbstractProtocol init
Informazioni: Initializing ProtocolHandler ["ajp-bio-8009"]
mag 16, 2014 3:04:51 PM org.apache.catalina.startup.Catalina load
Informazioni: Initialization processed in 505 ms
mag 16, 2014 3:04:51 PM org.apache.catalina.core.StandardService startInternal
Informazioni: Starting service Catalina
mag 16, 2014 3:04:51 PM org.apache.catalina.core.StandardEngine startInternal
Informazioni: Starting Servlet Engine: Apache Tomcat/7.0.30
mag 16, 2014 3:04:51 PM org.apache.catalina.startup.HostConfig deployDirectory
Informazioni: Deploying web application directory /home/accounts/studenti/id846liu/Programmi/tomcat/webapps/CorsoStudi
mag 16, 2014 3:04:51 PM org.apache.catalina.startup.SetContextPropertiesRule begin
Avvertenza: [SetContextPropertiesRule]{Context} Setting property 'isInvokerEnabled' to 'true' did not find a matching property.
mag 16, 2014 3:04:53 PM org.apache.catalina.startup.HostConfig deployDirectory
Informazioni: Deploying web application directory /home/accounts/studenti/id846liu/Programmi/tomcat/webapps/ROOT
mag 16, 2014 3:04:53 PM org.apache.catalina.startup.SetContextPropertiesRule begin
Avvertenza: [SetContextPropertiesRule]{Context} Setting property 'isInvokerEnabled' to 'true' did not find a matching property.
mag 16, 2014 3:04:53 PM org.apache.coyote.AbstractProtocol start
Informazioni: Starting ProtocolHandler ["http-bio-8080"]
mag 16, 2014 3:04:53 PM org.apache.coyote.AbstractProtocol start
Informazioni: Starting ProtocolHandler ["ajp-bio-8009"]
mag 16, 2014 3:04:53 PM org.apache.catalina.startup.Catalina start
Informazioni: Server startup in 1818 ms
mag 16, 2014 3:05:43 PM org.apache.catalina.core.StandardContext reload
Informazioni: Reloading Context with name [/CorsoStudi] has started
mag 16, 2014 3:05:43 PM org.apache.catalina.loader.WebappClassLoader clearReferencesJdbc
Grave: The web application [/CorsoStudi] registered the JDBC driver [org.postgresql.Driver] but failed to unregister it when the web application was stopped. To prevent a memory leak, the JDBC Driver has been forcibly unregistered.
mag 16, 2014 3:05:44 PM org.apache.catalina.core.StandardContext reload
Informazioni: Reloading Context with name [/CorsoStudi] is completed
mag 16, 2014 3:06:34 PM org.apache.catalina.core.StandardContext reload
Informazioni: Reloading Context with name [/CorsoStudi] has started
mag 16, 2014 3:06:34 PM org.apache.catalina.loader.WebappClassLoader clearReferencesJdbc
Grave: The web application [/CorsoStudi] registered the JDBC driver [org.postgresql.Driver] but failed to unregister it when the web application was stopped. To prevent a memory leak, the JDBC Driver has been forcibly unregistered.
mag 16, 2014 3:06:34 PM org.apache.catalina.core.StandardContext reload
Informazioni: Reloading Context with name [/CorsoStudi] is completed
mag 16, 2014 3:12:15 PM org.apache.catalina.core.StandardContext reload
Informazioni: Reloading Context with name [/CorsoStudi] has started
mag 16, 2014 3:12:15 PM org.apache.catalina.loader.WebappClassLoader clearReferencesJdbc
Grave: The web application [/CorsoStudi] registered the JDBC driver [org.postgresql.Driver] but failed to unregister it when the web application was stopped. To prevent a memory leak, the JDBC Driver has been forcibly unregistered.
mag 16, 2014 3:12:15 PM org.apache.catalina.core.StandardContext reload
Informazioni: Reloading Context with name [/CorsoStudi] is completed
mag 16, 2014 3:16:15 PM org.apache.catalina.core.StandardContext reload
Informazioni: Reloading Context with name [/CorsoStudi] has started
mag 16, 2014 3:16:15 PM org.apache.catalina.loader.WebappClassLoader clearReferencesJdbc
Grave: The web application [/CorsoStudi] registered the JDBC driver [org.postgresql.Driver] but failed to unregister it when the web application was stopped. To prevent a memory leak, the JDBC Driver has been forcibly unregistered.
mag 16, 2014 3:16:16 PM org.apache.catalina.core.StandardContext reload
Informazioni: Reloading Context with name [/CorsoStudi] is completed
mag 16, 2014 3:37:06 PM org.apache.catalina.core.StandardContext reload
Informazioni: Reloading Context with name [/CorsoStudi] has started
mag 16, 2014 3:37:06 PM org.apache.catalina.loader.WebappClassLoader clearReferencesJdbc
Grave: The web application [/CorsoStudi] registered the JDBC driver [org.postgresql.Driver] but failed to unregister it when the web application was stopped. To prevent a memory leak, the JDBC Driver has been forcibly unregistered.
mag 16, 2014 3:37:07 PM org.apache.catalina.core.StandardContext reload
Informazioni: Reloading Context with name [/CorsoStudi] is completed
mag 16, 2014 4:00:08 PM org.apache.catalina.core.StandardContext reload
Informazioni: Reloading Context with name [/CorsoStudi] has started
mag 16, 2014 4:00:08 PM org.apache.catalina.loader.WebappClassLoader clearReferencesJdbc
Grave: The web application [/CorsoStudi] registered the JDBC driver [org.postgresql.Driver] but failed to unregister it when the web application was stopped. To prevent a memory leak, the JDBC Driver has been forcibly unregistered.
mag 16, 2014 4:00:08 PM org.apache.catalina.core.StandardContext reload
Informazioni: Reloading Context with name [/CorsoStudi] is completed
mag 16, 2014 4:16:29 PM org.apache.catalina.core.StandardContext reload
Informazioni: Reloading Context with name [/CorsoStudi] has started
mag 16, 2014 4:16:29 PM org.apache.catalina.loader.WebappClassLoader clearReferencesJdbc
Grave: The web application [/CorsoStudi] registered the JDBC driver [org.postgresql.Driver] but failed to unregister it when the web application was stopped. To prevent a memory leak, the JDBC Driver has been forcibly unregistered.
mag 16, 2014 4:16:29 PM org.apache.catalina.core.StandardContext reload
Informazioni: Reloading Context with name [/CorsoStudi] is completed
mag 16, 2014 4:18:09 PM org.apache.catalina.core.StandardContext reload
Informazioni: Reloading Context with name [/CorsoStudi] has started
mag 16, 2014 4:18:09 PM org.apache.catalina.loader.WebappClassLoader clearReferencesJdbc
Grave: The web application [/CorsoStudi] registered the JDBC driver [org.postgresql.Driver] but failed to unregister it when the web application was stopped. To prevent a memory leak, the JDBC Driver has been forcibly unregistered.
mag 16, 2014 4:18:09 PM org.apache.catalina.core.StandardContext reload
Informazioni: Reloading Context with name [/CorsoStudi] is completed
mag 16, 2014 5:26:12 PM org.apache.catalina.core.StandardContext reload
Informazioni: Reloading Context with name [/CorsoStudi] has started
mag 16, 2014 5:26:12 PM org.apache.catalina.loader.WebappClassLoader clearReferencesJdbc
Grave: The web application [/CorsoStudi] registered the JDBC driver [org.postgresql.Driver] but failed to unregister it when the web application was stopped. To prevent a memory leak, the JDBC Driver has been forcibly unregistered.
mag 16, 2014 5:26:12 PM org.apache.catalina.core.StandardContext reload
Informazioni: Reloading Context with name [/CorsoStudi] is completed
mag 16, 2014 5:30:52 PM org.apache.catalina.core.StandardContext reload
Informazioni: Reloading Context with name [/CorsoStudi] has started
mag 16, 2014 5:30:52 PM org.apache.catalina.loader.WebappClassLoader clearReferencesJdbc
Grave: The web application [/CorsoStudi] registered the JDBC driver [org.postgresql.Driver] but failed to unregister it when the web application was stopped. To prevent a memory leak, the JDBC Driver has been forcibly unregistered.
mag 16, 2014 5:30:52 PM org.apache.catalina.core.StandardContext reload
Informazioni: Reloading Context with name [/CorsoStudi] is completed
mag 16, 2014 5:31:52 PM org.apache.catalina.core.StandardContext reload
Informazioni: Reloading Context with name [/CorsoStudi] has started
mag 16, 2014 5:31:52 PM org.apache.catalina.loader.WebappClassLoader clearReferencesJdbc
Grave: The web application [/CorsoStudi] registered the JDBC driver [org.postgresql.Driver] but failed to unregister it when the web application was stopped. To prevent a memory leak, the JDBC Driver has been forcibly unregistered.
mag 16, 2014 5:31:53 PM org.apache.catalina.core.StandardContext reload
Informazioni: Reloading Context with name [/CorsoStudi] is completed
mag 16, 2014 5:33:23 PM org.apache.catalina.core.StandardContext reload
Informazioni: Reloading Context with name [/CorsoStudi] has started
mag 16, 2014 5:33:23 PM org.apache.catalina.loader.WebappClassLoader clearReferencesJdbc
Grave: The web application [/CorsoStudi] registered the JDBC driver [org.postgresql.Driver] but failed to unregister it when the web application was stopped. To prevent a memory leak, the JDBC Driver has been forcibly unregistered.
mag 16, 2014 5:33:23 PM org.apache.catalina.core.StandardContext reload
Informazioni: Reloading Context with name [/CorsoStudi] is completed
mag 16, 2014 5:47:32 PM org.apache.coyote.AbstractProtocol pause
Informazioni: Pausing ProtocolHandler ["http-bio-8080"]
mag 16, 2014 5:47:32 PM org.apache.coyote.AbstractProtocol pause
Informazioni: Pausing ProtocolHandler ["ajp-bio-8009"]
mag 16, 2014 5:47:32 PM org.apache.catalina.core.StandardService stopInternal
Informazioni: Stopping service Catalina
mag 16, 2014 5:47:32 PM org.apache.catalina.loader.WebappClassLoader clearReferencesJdbc
Grave: The web application [/CorsoStudi] registered the JDBC driver [org.postgresql.Driver] but failed to unregister it when the web application was stopped. To prevent a memory leak, the JDBC Driver has been forcibly unregistered.
mag 16, 2014 5:47:32 PM org.apache.coyote.AbstractProtocol stop
Informazioni: Stopping ProtocolHandler ["http-bio-8080"]
mag 16, 2014 5:47:32 PM org.apache.coyote.AbstractProtocol stop
Informazioni: Stopping ProtocolHandler ["ajp-bio-8009"]
mag 16, 2014 5:47:32 PM org.apache.coyote.AbstractProtocol destroy
Informazioni: Destroying ProtocolHandler ["http-bio-8080"]
mag 16, 2014 5:47:32 PM org.apache.coyote.AbstractProtocol destroy
Informazioni: Destroying ProtocolHandler ["ajp-bio-8009"]
