mag 19, 2014 10:30:50 AM org.apache.catalina.core.AprLifecycleListener init
Informazioni: The APR based Apache Tomcat Native library which allows optimal performance in production environments was not found on the java.library.path: /usr/java/packages/lib/amd64:/usr/lib64:/lib64:/lib:/usr/lib
mag 19, 2014 10:30:50 AM org.apache.tomcat.util.digester.SetPropertiesRule begin
Avvertenza: [SetPropertiesRule]{Server/Service/Engine/Host} Setting property 'xmlValidation' to 'false' did not find a matching property.
mag 19, 2014 10:30:50 AM org.apache.tomcat.util.digester.SetPropertiesRule begin
Avvertenza: [SetPropertiesRule]{Server/Service/Engine/Host} Setting property 'xmlNamespaceAware' to 'false' did not find a matching property.
mag 19, 2014 10:30:50 AM org.apache.coyote.AbstractProtocol init
Informazioni: Initializing ProtocolHandler ["http-bio-8080"]
mag 19, 2014 10:30:50 AM org.apache.coyote.AbstractProtocol init
Informazioni: Initializing ProtocolHandler ["ajp-bio-8009"]
mag 19, 2014 10:30:50 AM org.apache.catalina.startup.Catalina load
Informazioni: Initialization processed in 2380 ms
mag 19, 2014 10:30:51 AM org.apache.catalina.core.StandardService startInternal
Informazioni: Starting service Catalina
mag 19, 2014 10:30:51 AM org.apache.catalina.core.StandardEngine startInternal
Informazioni: Starting Servlet Engine: Apache Tomcat/7.0.30
mag 19, 2014 10:30:51 AM org.apache.catalina.startup.HostConfig deployDirectory
Informazioni: Deploying web application directory /home/accounts/studenti/id846liu/Programmi/tomcat/webapps/CorsoStudi
mag 19, 2014 10:30:51 AM org.apache.catalina.startup.SetContextPropertiesRule begin
Avvertenza: [SetContextPropertiesRule]{Context} Setting property 'isInvokerEnabled' to 'true' did not find a matching property.
mag 19, 2014 10:30:53 AM org.apache.catalina.startup.HostConfig deployDirectory
Informazioni: Deploying web application directory /home/accounts/studenti/id846liu/Programmi/tomcat/webapps/ROOT
mag 19, 2014 10:30:54 AM org.apache.catalina.startup.SetContextPropertiesRule begin
Avvertenza: [SetContextPropertiesRule]{Context} Setting property 'isInvokerEnabled' to 'true' did not find a matching property.
mag 19, 2014 10:30:55 AM org.apache.coyote.AbstractProtocol start
Informazioni: Starting ProtocolHandler ["http-bio-8080"]
mag 19, 2014 10:30:55 AM org.apache.coyote.AbstractProtocol start
Informazioni: Starting ProtocolHandler ["ajp-bio-8009"]
mag 19, 2014 10:30:55 AM org.apache.catalina.startup.Catalina start
Informazioni: Server startup in 4375 ms
mag 19, 2014 10:56:01 AM org.apache.catalina.core.AprLifecycleListener init
Informazioni: The APR based Apache Tomcat Native library which allows optimal performance in production environments was not found on the java.library.path: /usr/java/packages/lib/amd64:/usr/lib64:/lib64:/lib:/usr/lib
mag 19, 2014 10:56:02 AM org.apache.tomcat.util.digester.SetPropertiesRule begin
Avvertenza: [SetPropertiesRule]{Server/Service/Engine/Host} Setting property 'xmlValidation' to 'false' did not find a matching property.
mag 19, 2014 10:56:02 AM org.apache.tomcat.util.digester.SetPropertiesRule begin
Avvertenza: [SetPropertiesRule]{Server/Service/Engine/Host} Setting property 'xmlNamespaceAware' to 'false' did not find a matching property.
mag 19, 2014 10:56:03 AM org.apache.coyote.AbstractProtocol init
Informazioni: Initializing ProtocolHandler ["http-bio-8080"]
mag 19, 2014 10:56:03 AM org.apache.coyote.AbstractProtocol init
Informazioni: Initializing ProtocolHandler ["ajp-bio-8009"]
mag 19, 2014 10:56:03 AM org.apache.catalina.startup.Catalina load
Informazioni: Initialization processed in 5418 ms
mag 19, 2014 10:56:03 AM org.apache.catalina.core.StandardService startInternal
Informazioni: Starting service Catalina
mag 19, 2014 10:56:03 AM org.apache.catalina.core.StandardEngine startInternal
Informazioni: Starting Servlet Engine: Apache Tomcat/7.0.30
mag 19, 2014 10:56:03 AM org.apache.catalina.startup.HostConfig deployDirectory
Informazioni: Deploying web application directory /home/accounts/studenti/id846liu/Programmi/tomcat/webapps/CorsoStudi
mag 19, 2014 10:56:03 AM org.apache.catalina.startup.SetContextPropertiesRule begin
Avvertenza: [SetContextPropertiesRule]{Context} Setting property 'isInvokerEnabled' to 'true' did not find a matching property.
mag 19, 2014 10:56:08 AM org.apache.catalina.util.SessionIdGenerator createSecureRandom
Informazioni: Creation of SecureRandom instance for session ID generation using [SHA1PRNG] took [227] milliseconds.
mag 19, 2014 10:56:08 AM org.apache.catalina.startup.HostConfig deployDirectory
Informazioni: Deploying web application directory /home/accounts/studenti/id846liu/Programmi/tomcat/webapps/ROOT
mag 19, 2014 10:56:08 AM org.apache.catalina.startup.SetContextPropertiesRule begin
Avvertenza: [SetContextPropertiesRule]{Context} Setting property 'isInvokerEnabled' to 'true' did not find a matching property.
mag 19, 2014 10:56:09 AM org.apache.coyote.AbstractProtocol start
Informazioni: Starting ProtocolHandler ["http-bio-8080"]
mag 19, 2014 10:56:09 AM org.apache.coyote.AbstractProtocol start
Informazioni: Starting ProtocolHandler ["ajp-bio-8009"]
mag 19, 2014 10:56:09 AM org.apache.catalina.startup.Catalina start
Informazioni: Server startup in 6293 ms
mag 19, 2014 11:03:39 AM org.apache.catalina.core.StandardContext reload
Informazioni: Reloading Context with name [/CorsoStudi] has started
mag 19, 2014 11:03:39 AM org.apache.catalina.loader.WebappClassLoader clearReferencesJdbc
Grave: The web application [/CorsoStudi] registered the JDBC driver [org.postgresql.Driver] but failed to unregister it when the web application was stopped. To prevent a memory leak, the JDBC Driver has been forcibly unregistered.
mag 19, 2014 11:03:40 AM org.apache.catalina.core.StandardContext reload
Informazioni: Reloading Context with name [/CorsoStudi] is completed
mag 19, 2014 11:06:20 AM org.apache.catalina.core.StandardContext reload
Informazioni: Reloading Context with name [/CorsoStudi] has started
mag 19, 2014 11:06:20 AM org.apache.catalina.loader.WebappClassLoader clearReferencesJdbc
Grave: The web application [/CorsoStudi] registered the JDBC driver [org.postgresql.Driver] but failed to unregister it when the web application was stopped. To prevent a memory leak, the JDBC Driver has been forcibly unregistered.
mag 19, 2014 11:06:20 AM org.apache.catalina.core.StandardContext reload
Informazioni: Reloading Context with name [/CorsoStudi] is completed
mag 19, 2014 11:09:50 AM org.apache.catalina.core.StandardContext reload
Informazioni: Reloading Context with name [/CorsoStudi] has started
mag 19, 2014 11:09:50 AM org.apache.catalina.loader.WebappClassLoader clearReferencesJdbc
Grave: The web application [/CorsoStudi] registered the JDBC driver [org.postgresql.Driver] but failed to unregister it when the web application was stopped. To prevent a memory leak, the JDBC Driver has been forcibly unregistered.
mag 19, 2014 11:09:51 AM org.apache.catalina.core.StandardContext reload
Informazioni: Reloading Context with name [/CorsoStudi] is completed
mag 19, 2014 1:39:31 PM org.apache.coyote.AbstractProtocol pause
Informazioni: Pausing ProtocolHandler ["http-bio-8080"]
mag 19, 2014 1:39:31 PM org.apache.coyote.AbstractProtocol pause
Informazioni: Pausing ProtocolHandler ["ajp-bio-8009"]
mag 19, 2014 1:39:31 PM org.apache.catalina.core.StandardService stopInternal
Informazioni: Stopping service Catalina
mag 19, 2014 1:39:31 PM org.apache.catalina.loader.WebappClassLoader clearReferencesJdbc
Grave: The web application [/CorsoStudi] registered the JDBC driver [org.postgresql.Driver] but failed to unregister it when the web application was stopped. To prevent a memory leak, the JDBC Driver has been forcibly unregistered.
mag 19, 2014 1:39:31 PM org.apache.coyote.AbstractProtocol stop
Informazioni: Stopping ProtocolHandler ["http-bio-8080"]
mag 19, 2014 1:39:31 PM org.apache.coyote.AbstractProtocol stop
Informazioni: Stopping ProtocolHandler ["ajp-bio-8009"]
mag 19, 2014 1:39:31 PM org.apache.coyote.AbstractProtocol destroy
Informazioni: Destroying ProtocolHandler ["http-bio-8080"]
mag 19, 2014 1:39:31 PM org.apache.coyote.AbstractProtocol destroy
Informazioni: Destroying ProtocolHandler ["ajp-bio-8009"]
