mag 15, 2014 10:13:11 AM org.apache.catalina.core.AprLifecycleListener init
Informazioni: The APR based Apache Tomcat Native library which allows optimal performance in production environments was not found on the java.library.path: /usr/java/packages/lib/amd64:/usr/lib64:/lib64:/lib:/usr/lib
mag 15, 2014 10:13:11 AM org.apache.tomcat.util.digester.SetPropertiesRule begin
Avvertenza: [SetPropertiesRule]{Server/Service/Engine/Host} Setting property 'xmlValidation' to 'false' did not find a matching property.
mag 15, 2014 10:13:11 AM org.apache.tomcat.util.digester.SetPropertiesRule begin
Avvertenza: [SetPropertiesRule]{Server/Service/Engine/Host} Setting property 'xmlNamespaceAware' to 'false' did not find a matching property.
mag 15, 2014 10:13:11 AM org.apache.coyote.AbstractProtocol init
Informazioni: Initializing ProtocolHandler ["http-bio-8080"]
mag 15, 2014 10:13:11 AM org.apache.coyote.AbstractProtocol init
Informazioni: Initializing ProtocolHandler ["ajp-bio-8009"]
mag 15, 2014 10:13:11 AM org.apache.catalina.startup.Catalina load
Informazioni: Initialization processed in 1351 ms
mag 15, 2014 10:13:11 AM org.apache.catalina.core.StandardService startInternal
Informazioni: Starting service Catalina
mag 15, 2014 10:13:11 AM org.apache.catalina.core.StandardEngine startInternal
Informazioni: Starting Servlet Engine: Apache Tomcat/7.0.30
mag 15, 2014 10:13:11 AM org.apache.catalina.startup.HostConfig deployDirectory
Informazioni: Deploying web application directory /home/accounts/studenti/id846liu/Programmi/tomcat/webapps/CorsoStudi
mag 15, 2014 10:13:12 AM org.apache.catalina.startup.SetContextPropertiesRule begin
Avvertenza: [SetContextPropertiesRule]{Context} Setting property 'isInvokerEnabled' to 'true' did not find a matching property.
mag 15, 2014 10:13:16 AM org.apache.catalina.util.SessionIdGenerator createSecureRandom
Informazioni: Creation of SecureRandom instance for session ID generation using [SHA1PRNG] took [1,561] milliseconds.
mag 15, 2014 10:13:16 AM org.apache.catalina.startup.HostConfig deployDirectory
Informazioni: Deploying web application directory /home/accounts/studenti/id846liu/Programmi/tomcat/webapps/ROOT
mag 15, 2014 10:13:16 AM org.apache.catalina.startup.SetContextPropertiesRule begin
Avvertenza: [SetContextPropertiesRule]{Context} Setting property 'isInvokerEnabled' to 'true' did not find a matching property.
mag 15, 2014 10:13:16 AM org.apache.coyote.AbstractProtocol start
Informazioni: Starting ProtocolHandler ["http-bio-8080"]
mag 15, 2014 10:13:16 AM org.apache.coyote.AbstractProtocol start
Informazioni: Starting ProtocolHandler ["ajp-bio-8009"]
mag 15, 2014 10:13:16 AM org.apache.catalina.startup.Catalina start
Informazioni: Server startup in 5037 ms
mag 15, 2014 10:16:09 AM org.apache.coyote.AbstractProtocol pause
Informazioni: Pausing ProtocolHandler ["http-bio-8080"]
mag 15, 2014 10:16:09 AM org.apache.coyote.AbstractProtocol pause
Informazioni: Pausing ProtocolHandler ["ajp-bio-8009"]
mag 15, 2014 10:16:09 AM org.apache.catalina.core.StandardService stopInternal
Informazioni: Stopping service Catalina
mag 15, 2014 10:16:09 AM org.apache.catalina.loader.WebappClassLoader clearReferencesJdbc
Grave: The web application [/CorsoStudi] registered the JDBC driver [org.postgresql.Driver] but failed to unregister it when the web application was stopped. To prevent a memory leak, the JDBC Driver has been forcibly unregistered.
mag 15, 2014 10:16:09 AM org.apache.coyote.AbstractProtocol stop
Informazioni: Stopping ProtocolHandler ["http-bio-8080"]
mag 15, 2014 10:16:09 AM org.apache.coyote.AbstractProtocol stop
Informazioni: Stopping ProtocolHandler ["ajp-bio-8009"]
mag 15, 2014 10:16:09 AM org.apache.coyote.AbstractProtocol destroy
Informazioni: Destroying ProtocolHandler ["http-bio-8080"]
mag 15, 2014 10:16:09 AM org.apache.coyote.AbstractProtocol destroy
Informazioni: Destroying ProtocolHandler ["ajp-bio-8009"]
mag 15, 2014 10:22:31 AM org.apache.catalina.core.AprLifecycleListener init
Informazioni: The APR based Apache Tomcat Native library which allows optimal performance in production environments was not found on the java.library.path: /usr/java/packages/lib/amd64:/usr/lib64:/lib64:/lib:/usr/lib
mag 15, 2014 10:22:31 AM org.apache.tomcat.util.digester.SetPropertiesRule begin
Avvertenza: [SetPropertiesRule]{Server/Service/Engine/Host} Setting property 'xmlValidation' to 'false' did not find a matching property.
mag 15, 2014 10:22:31 AM org.apache.tomcat.util.digester.SetPropertiesRule begin
Avvertenza: [SetPropertiesRule]{Server/Service/Engine/Host} Setting property 'xmlNamespaceAware' to 'false' did not find a matching property.
mag 15, 2014 10:22:32 AM org.apache.coyote.AbstractProtocol init
Informazioni: Initializing ProtocolHandler ["http-bio-8080"]
mag 15, 2014 10:22:32 AM org.apache.coyote.AbstractProtocol init
Informazioni: Initializing ProtocolHandler ["ajp-bio-8009"]
mag 15, 2014 10:22:32 AM org.apache.catalina.startup.Catalina load
Informazioni: Initialization processed in 1311 ms
mag 15, 2014 10:22:32 AM org.apache.catalina.core.StandardService startInternal
Informazioni: Starting service Catalina
mag 15, 2014 10:22:32 AM org.apache.catalina.core.StandardEngine startInternal
Informazioni: Starting Servlet Engine: Apache Tomcat/7.0.30
mag 15, 2014 10:22:32 AM org.apache.catalina.startup.HostConfig deployDirectory
Informazioni: Deploying web application directory /home/accounts/studenti/id846liu/Programmi/tomcat/webapps/CorsoStudi
mag 15, 2014 10:22:32 AM org.apache.catalina.startup.SetContextPropertiesRule begin
Avvertenza: [SetContextPropertiesRule]{Context} Setting property 'isInvokerEnabled' to 'true' did not find a matching property.
mag 15, 2014 10:22:33 AM org.apache.catalina.startup.HostConfig deployDirectory
Informazioni: Deploying web application directory /home/accounts/studenti/id846liu/Programmi/tomcat/webapps/ROOT
mag 15, 2014 10:22:33 AM org.apache.catalina.startup.SetContextPropertiesRule begin
Avvertenza: [SetContextPropertiesRule]{Context} Setting property 'isInvokerEnabled' to 'true' did not find a matching property.
mag 15, 2014 10:22:34 AM org.apache.coyote.AbstractProtocol start
Informazioni: Starting ProtocolHandler ["http-bio-8080"]
mag 15, 2014 10:22:34 AM org.apache.coyote.AbstractProtocol start
Informazioni: Starting ProtocolHandler ["ajp-bio-8009"]
mag 15, 2014 10:22:34 AM org.apache.catalina.startup.Catalina start
Informazioni: Server startup in 2364 ms
mag 15, 2014 12:28:11 PM org.apache.coyote.AbstractProtocol pause
Informazioni: Pausing ProtocolHandler ["http-bio-8080"]
mag 15, 2014 12:28:11 PM org.apache.coyote.AbstractProtocol pause
Informazioni: Pausing ProtocolHandler ["ajp-bio-8009"]
mag 15, 2014 12:28:11 PM org.apache.catalina.core.StandardService stopInternal
Informazioni: Stopping service Catalina
mag 15, 2014 12:28:11 PM org.apache.catalina.loader.WebappClassLoader clearReferencesJdbc
Grave: The web application [/CorsoStudi] registered the JDBC driver [org.postgresql.Driver] but failed to unregister it when the web application was stopped. To prevent a memory leak, the JDBC Driver has been forcibly unregistered.
mag 15, 2014 12:28:11 PM org.apache.coyote.AbstractProtocol stop
Informazioni: Stopping ProtocolHandler ["http-bio-8080"]
mag 15, 2014 12:28:11 PM org.apache.coyote.AbstractProtocol stop
Informazioni: Stopping ProtocolHandler ["ajp-bio-8009"]
mag 15, 2014 12:28:11 PM org.apache.coyote.AbstractProtocol destroy
Informazioni: Destroying ProtocolHandler ["http-bio-8080"]
mag 15, 2014 12:28:11 PM org.apache.coyote.AbstractProtocol destroy
Informazioni: Destroying ProtocolHandler ["ajp-bio-8009"]
mag 15, 2014 1:36:07 PM org.apache.catalina.core.AprLifecycleListener init
Informazioni: The APR based Apache Tomcat Native library which allows optimal performance in production environments was not found on the java.library.path: /usr/java/packages/lib/amd64:/usr/lib64:/lib64:/lib:/usr/lib
mag 15, 2014 1:36:08 PM org.apache.tomcat.util.digester.SetPropertiesRule begin
Avvertenza: [SetPropertiesRule]{Server/Service/Engine/Host} Setting property 'xmlValidation' to 'false' did not find a matching property.
mag 15, 2014 1:36:08 PM org.apache.tomcat.util.digester.SetPropertiesRule begin
Avvertenza: [SetPropertiesRule]{Server/Service/Engine/Host} Setting property 'xmlNamespaceAware' to 'false' did not find a matching property.
mag 15, 2014 1:36:08 PM org.apache.coyote.AbstractProtocol init
Informazioni: Initializing ProtocolHandler ["http-bio-8080"]
mag 15, 2014 1:36:08 PM org.apache.coyote.AbstractProtocol init
Informazioni: Initializing ProtocolHandler ["ajp-bio-8009"]
mag 15, 2014 1:36:08 PM org.apache.catalina.startup.Catalina load
Informazioni: Initialization processed in 1851 ms
mag 15, 2014 1:36:08 PM org.apache.catalina.core.StandardService startInternal
Informazioni: Starting service Catalina
mag 15, 2014 1:36:08 PM org.apache.catalina.core.StandardEngine startInternal
Informazioni: Starting Servlet Engine: Apache Tomcat/7.0.30
mag 15, 2014 1:36:08 PM org.apache.catalina.startup.HostConfig deployDirectory
Informazioni: Deploying web application directory /home/accounts/studenti/id846liu/Programmi/tomcat/webapps/CorsoStudi
mag 15, 2014 1:36:08 PM org.apache.catalina.startup.SetContextPropertiesRule begin
Avvertenza: [SetContextPropertiesRule]{Context} Setting property 'isInvokerEnabled' to 'true' did not find a matching property.
mag 15, 2014 1:36:10 PM org.apache.catalina.startup.HostConfig deployDirectory
Informazioni: Deploying web application directory /home/accounts/studenti/id846liu/Programmi/tomcat/webapps/ROOT
mag 15, 2014 1:36:10 PM org.apache.catalina.startup.SetContextPropertiesRule begin
Avvertenza: [SetContextPropertiesRule]{Context} Setting property 'isInvokerEnabled' to 'true' did not find a matching property.
mag 15, 2014 1:36:11 PM org.apache.coyote.AbstractProtocol start
Informazioni: Starting ProtocolHandler ["http-bio-8080"]
mag 15, 2014 1:36:11 PM org.apache.coyote.AbstractProtocol start
Informazioni: Starting ProtocolHandler ["ajp-bio-8009"]
mag 15, 2014 1:36:11 PM org.apache.catalina.startup.Catalina start
Informazioni: Server startup in 3043 ms
mag 15, 2014 3:07:37 PM org.apache.catalina.core.StandardContext reload
Informazioni: Reloading Context with name [/CorsoStudi] has started
mag 15, 2014 3:07:37 PM org.apache.catalina.loader.WebappClassLoader clearReferencesJdbc
Grave: The web application [/CorsoStudi] registered the JDBC driver [org.postgresql.Driver] but failed to unregister it when the web application was stopped. To prevent a memory leak, the JDBC Driver has been forcibly unregistered.
mag 15, 2014 3:07:37 PM org.apache.catalina.core.StandardContext reload
Informazioni: Reloading Context with name [/CorsoStudi] is completed
mag 15, 2014 3:08:07 PM org.apache.catalina.core.StandardContext reload
Informazioni: Reloading Context with name [/CorsoStudi] has started
mag 15, 2014 3:08:07 PM org.apache.catalina.loader.WebappClassLoader clearReferencesJdbc
Grave: The web application [/CorsoStudi] registered the JDBC driver [org.postgresql.Driver] but failed to unregister it when the web application was stopped. To prevent a memory leak, the JDBC Driver has been forcibly unregistered.
mag 15, 2014 3:08:08 PM org.apache.catalina.core.StandardContext reload
Informazioni: Reloading Context with name [/CorsoStudi] is completed
mag 15, 2014 3:09:28 PM org.apache.catalina.core.StandardContext reload
Informazioni: Reloading Context with name [/CorsoStudi] has started
mag 15, 2014 3:09:28 PM org.apache.catalina.loader.WebappClassLoader clearReferencesJdbc
Grave: The web application [/CorsoStudi] registered the JDBC driver [org.postgresql.Driver] but failed to unregister it when the web application was stopped. To prevent a memory leak, the JDBC Driver has been forcibly unregistered.
mag 15, 2014 3:09:28 PM org.apache.catalina.core.StandardContext reload
Informazioni: Reloading Context with name [/CorsoStudi] is completed
mag 15, 2014 3:13:48 PM org.apache.catalina.core.StandardContext reload
Informazioni: Reloading Context with name [/CorsoStudi] has started
mag 15, 2014 3:13:48 PM org.apache.catalina.loader.WebappClassLoader clearReferencesJdbc
Grave: The web application [/CorsoStudi] registered the JDBC driver [org.postgresql.Driver] but failed to unregister it when the web application was stopped. To prevent a memory leak, the JDBC Driver has been forcibly unregistered.
mag 15, 2014 3:13:48 PM org.apache.catalina.core.StandardContext reload
Informazioni: Reloading Context with name [/CorsoStudi] is completed
mag 15, 2014 3:14:18 PM org.apache.catalina.core.StandardContext reload
Informazioni: Reloading Context with name [/CorsoStudi] has started
mag 15, 2014 3:14:18 PM org.apache.catalina.loader.WebappClassLoader clearReferencesJdbc
Grave: The web application [/CorsoStudi] registered the JDBC driver [org.postgresql.Driver] but failed to unregister it when the web application was stopped. To prevent a memory leak, the JDBC Driver has been forcibly unregistered.
mag 15, 2014 3:14:19 PM org.apache.catalina.core.StandardContext reload
Informazioni: Reloading Context with name [/CorsoStudi] is completed
mag 15, 2014 3:15:29 PM org.apache.catalina.core.StandardContext reload
Informazioni: Reloading Context with name [/CorsoStudi] has started
mag 15, 2014 3:15:29 PM org.apache.catalina.loader.WebappClassLoader clearReferencesJdbc
Grave: The web application [/CorsoStudi] registered the JDBC driver [org.postgresql.Driver] but failed to unregister it when the web application was stopped. To prevent a memory leak, the JDBC Driver has been forcibly unregistered.
mag 15, 2014 3:15:29 PM org.apache.catalina.core.StandardContext reload
Informazioni: Reloading Context with name [/CorsoStudi] is completed
mag 15, 2014 3:35:36 PM org.apache.coyote.AbstractProtocol pause
Informazioni: Pausing ProtocolHandler ["http-bio-8080"]
mag 15, 2014 3:35:36 PM org.apache.coyote.AbstractProtocol pause
Informazioni: Pausing ProtocolHandler ["ajp-bio-8009"]
mag 15, 2014 3:35:36 PM org.apache.catalina.core.StandardService stopInternal
Informazioni: Stopping service Catalina
mag 15, 2014 3:35:36 PM org.apache.catalina.loader.WebappClassLoader clearReferencesJdbc
Grave: The web application [/CorsoStudi] registered the JDBC driver [org.postgresql.Driver] but failed to unregister it when the web application was stopped. To prevent a memory leak, the JDBC Driver has been forcibly unregistered.
mag 15, 2014 3:35:36 PM org.apache.coyote.AbstractProtocol stop
Informazioni: Stopping ProtocolHandler ["http-bio-8080"]
mag 15, 2014 3:35:36 PM org.apache.coyote.AbstractProtocol stop
Informazioni: Stopping ProtocolHandler ["ajp-bio-8009"]
mag 15, 2014 3:35:36 PM org.apache.coyote.AbstractProtocol destroy
Informazioni: Destroying ProtocolHandler ["http-bio-8080"]
mag 15, 2014 3:35:36 PM org.apache.coyote.AbstractProtocol destroy
Informazioni: Destroying ProtocolHandler ["ajp-bio-8009"]
mag 15, 2014 5:07:23 PM org.apache.catalina.core.AprLifecycleListener init
Informazioni: The APR based Apache Tomcat Native library which allows optimal performance in production environments was not found on the java.library.path: /usr/java/packages/lib/amd64:/usr/lib64:/lib64:/lib:/usr/lib
mag 15, 2014 5:07:24 PM org.apache.tomcat.util.digester.SetPropertiesRule begin
Avvertenza: [SetPropertiesRule]{Server/Service/Engine/Host} Setting property 'xmlValidation' to 'false' did not find a matching property.
mag 15, 2014 5:07:24 PM org.apache.tomcat.util.digester.SetPropertiesRule begin
Avvertenza: [SetPropertiesRule]{Server/Service/Engine/Host} Setting property 'xmlNamespaceAware' to 'false' did not find a matching property.
mag 15, 2014 5:07:24 PM org.apache.coyote.AbstractProtocol init
Informazioni: Initializing ProtocolHandler ["http-bio-8080"]
mag 15, 2014 5:07:24 PM org.apache.coyote.AbstractProtocol init
Informazioni: Initializing ProtocolHandler ["ajp-bio-8009"]
mag 15, 2014 5:07:24 PM org.apache.catalina.startup.Catalina load
Informazioni: Initialization processed in 2213 ms
mag 15, 2014 5:07:25 PM org.apache.catalina.core.StandardService startInternal
Informazioni: Starting service Catalina
mag 15, 2014 5:07:25 PM org.apache.catalina.core.StandardEngine startInternal
Informazioni: Starting Servlet Engine: Apache Tomcat/7.0.30
mag 15, 2014 5:07:25 PM org.apache.catalina.startup.HostConfig deployDirectory
Informazioni: Deploying web application directory /home/accounts/studenti/id846liu/Programmi/tomcat/webapps/CorsoStudi
mag 15, 2014 5:07:25 PM org.apache.catalina.startup.SetContextPropertiesRule begin
Avvertenza: [SetContextPropertiesRule]{Context} Setting property 'isInvokerEnabled' to 'true' did not find a matching property.
mag 15, 2014 5:07:27 PM org.apache.catalina.startup.HostConfig deployDirectory
Informazioni: Deploying web application directory /home/accounts/studenti/id846liu/Programmi/tomcat/webapps/ROOT
mag 15, 2014 5:07:27 PM org.apache.catalina.startup.SetContextPropertiesRule begin
Avvertenza: [SetContextPropertiesRule]{Context} Setting property 'isInvokerEnabled' to 'true' did not find a matching property.
mag 15, 2014 5:07:28 PM org.apache.coyote.AbstractProtocol start
Informazioni: Starting ProtocolHandler ["http-bio-8080"]
mag 15, 2014 5:07:28 PM org.apache.coyote.AbstractProtocol start
Informazioni: Starting ProtocolHandler ["ajp-bio-8009"]
mag 15, 2014 5:07:28 PM org.apache.catalina.startup.Catalina start
Informazioni: Server startup in 3565 ms
mag 15, 2014 5:08:35 PM org.apache.coyote.AbstractProtocol pause
Informazioni: Pausing ProtocolHandler ["http-bio-8080"]
mag 15, 2014 5:08:35 PM org.apache.coyote.AbstractProtocol pause
Informazioni: Pausing ProtocolHandler ["ajp-bio-8009"]
mag 15, 2014 5:08:35 PM org.apache.catalina.core.StandardService stopInternal
Informazioni: Stopping service Catalina
mag 15, 2014 5:08:35 PM org.apache.catalina.loader.WebappClassLoader clearReferencesJdbc
Grave: The web application [/CorsoStudi] registered the JDBC driver [org.postgresql.Driver] but failed to unregister it when the web application was stopped. To prevent a memory leak, the JDBC Driver has been forcibly unregistered.
mag 15, 2014 5:08:35 PM org.apache.coyote.AbstractProtocol stop
Informazioni: Stopping ProtocolHandler ["http-bio-8080"]
mag 15, 2014 5:08:35 PM org.apache.coyote.AbstractProtocol stop
Informazioni: Stopping ProtocolHandler ["ajp-bio-8009"]
mag 15, 2014 5:08:35 PM org.apache.coyote.AbstractProtocol destroy
Informazioni: Destroying ProtocolHandler ["http-bio-8080"]
mag 15, 2014 5:08:35 PM org.apache.coyote.AbstractProtocol destroy
Informazioni: Destroying ProtocolHandler ["ajp-bio-8009"]
mag 15, 2014 5:11:21 PM org.apache.catalina.core.AprLifecycleListener init
Informazioni: The APR based Apache Tomcat Native library which allows optimal performance in production environments was not found on the java.library.path: /usr/java/packages/lib/amd64:/usr/lib64:/lib64:/lib:/usr/lib
mag 15, 2014 5:11:22 PM org.apache.tomcat.util.digester.SetPropertiesRule begin
Avvertenza: [SetPropertiesRule]{Server/Service/Engine/Host} Setting property 'xmlValidation' to 'false' did not find a matching property.
mag 15, 2014 5:11:22 PM org.apache.tomcat.util.digester.SetPropertiesRule begin
Avvertenza: [SetPropertiesRule]{Server/Service/Engine/Host} Setting property 'xmlNamespaceAware' to 'false' did not find a matching property.
mag 15, 2014 5:11:22 PM org.apache.coyote.AbstractProtocol init
Informazioni: Initializing ProtocolHandler ["http-bio-8080"]
mag 15, 2014 5:11:22 PM org.apache.coyote.AbstractProtocol init
Informazioni: Initializing ProtocolHandler ["ajp-bio-8009"]
mag 15, 2014 5:11:22 PM org.apache.catalina.startup.Catalina load
Informazioni: Initialization processed in 1876 ms
mag 15, 2014 5:11:22 PM org.apache.catalina.core.StandardService startInternal
Informazioni: Starting service Catalina
mag 15, 2014 5:11:22 PM org.apache.catalina.core.StandardEngine startInternal
Informazioni: Starting Servlet Engine: Apache Tomcat/7.0.30
mag 15, 2014 5:11:22 PM org.apache.catalina.startup.HostConfig deployDirectory
Informazioni: Deploying web application directory /home/accounts/studenti/id846liu/Programmi/tomcat/webapps/CorsoStudi
mag 15, 2014 5:11:22 PM org.apache.catalina.startup.SetContextPropertiesRule begin
Avvertenza: [SetContextPropertiesRule]{Context} Setting property 'isInvokerEnabled' to 'true' did not find a matching property.
mag 15, 2014 5:11:24 PM org.apache.catalina.startup.HostConfig deployDirectory
Informazioni: Deploying web application directory /home/accounts/studenti/id846liu/Programmi/tomcat/webapps/ROOT
mag 15, 2014 5:11:24 PM org.apache.catalina.startup.SetContextPropertiesRule begin
Avvertenza: [SetContextPropertiesRule]{Context} Setting property 'isInvokerEnabled' to 'true' did not find a matching property.
mag 15, 2014 5:11:24 PM org.apache.coyote.AbstractProtocol start
Informazioni: Starting ProtocolHandler ["http-bio-8080"]
mag 15, 2014 5:11:24 PM org.apache.coyote.AbstractProtocol start
Informazioni: Starting ProtocolHandler ["ajp-bio-8009"]
mag 15, 2014 5:11:24 PM org.apache.catalina.startup.Catalina start
Informazioni: Server startup in 2505 ms
mag 15, 2014 5:43:58 PM org.apache.catalina.core.StandardServer await
Informazioni: A valid shutdown command was received via the shutdown port. Stopping the Server instance.
mag 15, 2014 5:43:58 PM org.apache.coyote.AbstractProtocol pause
Informazioni: Pausing ProtocolHandler ["http-bio-8080"]
mag 15, 2014 5:43:58 PM org.apache.coyote.AbstractProtocol pause
Informazioni: Pausing ProtocolHandler ["ajp-bio-8009"]
mag 15, 2014 5:43:58 PM org.apache.catalina.core.StandardService stopInternal
Informazioni: Stopping service Catalina
