mag 14, 2014 11:32:51 AM org.apache.catalina.core.AprLifecycleListener init
Informazioni: The APR based Apache Tomcat Native library which allows optimal performance in production environments was not found on the java.library.path: /usr/java/packages/lib/amd64:/usr/lib64:/lib64:/lib:/usr/lib
mag 14, 2014 11:32:52 AM org.apache.tomcat.util.digester.SetPropertiesRule begin
Avvertenza: [SetPropertiesRule]{Server/Service/Engine/Host} Setting property 'xmlValidation' to 'false' did not find a matching property.
mag 14, 2014 11:32:52 AM org.apache.tomcat.util.digester.SetPropertiesRule begin
Avvertenza: [SetPropertiesRule]{Server/Service/Engine/Host} Setting property 'xmlNamespaceAware' to 'false' did not find a matching property.
mag 14, 2014 11:32:52 AM org.apache.coyote.AbstractProtocol init
Informazioni: Initializing ProtocolHandler ["http-bio-8080"]
mag 14, 2014 11:32:52 AM org.apache.coyote.AbstractProtocol init
Informazioni: Initializing ProtocolHandler ["ajp-bio-8009"]
mag 14, 2014 11:32:52 AM org.apache.catalina.startup.Catalina load
Informazioni: Initialization processed in 999 ms
mag 14, 2014 11:32:52 AM org.apache.catalina.core.StandardService startInternal
Informazioni: Starting service Catalina
mag 14, 2014 11:32:52 AM org.apache.catalina.core.StandardEngine startInternal
Informazioni: Starting Servlet Engine: Apache Tomcat/7.0.30
mag 14, 2014 11:32:52 AM org.apache.catalina.startup.HostConfig deployDirectory
Informazioni: Deploying web application directory /home/accounts/studenti/id846liu/Programmi/tomcat/webapps/CorsoStudi
mag 14, 2014 11:32:52 AM org.apache.catalina.startup.SetContextPropertiesRule begin
Avvertenza: [SetContextPropertiesRule]{Context} Setting property 'isInvokerEnabled' to 'true' did not find a matching property.
mag 14, 2014 11:32:54 AM org.apache.catalina.startup.HostConfig deployDirectory
Informazioni: Deploying web application directory /home/accounts/studenti/id846liu/Programmi/tomcat/webapps/ROOT
mag 14, 2014 11:32:54 AM org.apache.catalina.startup.SetContextPropertiesRule begin
Avvertenza: [SetContextPropertiesRule]{Context} Setting property 'isInvokerEnabled' to 'true' did not find a matching property.
mag 14, 2014 11:32:54 AM org.apache.coyote.AbstractProtocol start
Informazioni: Starting ProtocolHandler ["http-bio-8080"]
mag 14, 2014 11:32:54 AM org.apache.coyote.AbstractProtocol start
Informazioni: Starting ProtocolHandler ["ajp-bio-8009"]
mag 14, 2014 11:32:54 AM org.apache.catalina.startup.Catalina start
Informazioni: Server startup in 2449 ms
mag 14, 2014 11:35:08 AM org.apache.catalina.core.StandardServer await
Informazioni: A valid shutdown command was received via the shutdown port. Stopping the Server instance.
mag 14, 2014 11:35:08 AM org.apache.coyote.AbstractProtocol pause
Informazioni: Pausing ProtocolHandler ["http-bio-8080"]
mag 14, 2014 11:35:12 AM org.apache.catalina.core.AprLifecycleListener init
Informazioni: The APR based Apache Tomcat Native library which allows optimal performance in production environments was not found on the java.library.path: /usr/java/packages/lib/amd64:/usr/lib64:/lib64:/lib:/usr/lib
mag 14, 2014 11:35:12 AM org.apache.tomcat.util.digester.SetPropertiesRule begin
Avvertenza: [SetPropertiesRule]{Server/Service/Engine/Host} Setting property 'xmlValidation' to 'false' did not find a matching property.
mag 14, 2014 11:35:12 AM org.apache.tomcat.util.digester.SetPropertiesRule begin
Avvertenza: [SetPropertiesRule]{Server/Service/Engine/Host} Setting property 'xmlNamespaceAware' to 'false' did not find a matching property.
mag 14, 2014 11:35:12 AM org.apache.coyote.AbstractProtocol init
Informazioni: Initializing ProtocolHandler ["http-bio-8080"]
mag 14, 2014 11:35:13 AM org.apache.coyote.AbstractProtocol init
Informazioni: Initializing ProtocolHandler ["ajp-bio-8009"]
mag 14, 2014 11:35:13 AM org.apache.catalina.startup.Catalina load
Informazioni: Initialization processed in 663 ms
mag 14, 2014 11:35:13 AM org.apache.catalina.core.StandardService startInternal
Informazioni: Starting service Catalina
mag 14, 2014 11:35:13 AM org.apache.catalina.core.StandardEngine startInternal
Informazioni: Starting Servlet Engine: Apache Tomcat/7.0.30
mag 14, 2014 11:35:13 AM org.apache.catalina.startup.HostConfig deployDirectory
Informazioni: Deploying web application directory /home/accounts/studenti/id846liu/Programmi/tomcat/webapps/CorsoStudi
mag 14, 2014 11:35:13 AM org.apache.catalina.startup.SetContextPropertiesRule begin
Avvertenza: [SetContextPropertiesRule]{Context} Setting property 'isInvokerEnabled' to 'true' did not find a matching property.
mag 14, 2014 11:35:16 AM org.apache.catalina.util.SessionIdGenerator createSecureRandom
Informazioni: Creation of SecureRandom instance for session ID generation using [SHA1PRNG] took [2,180] milliseconds.
mag 14, 2014 11:35:16 AM org.apache.catalina.startup.HostConfig deployDirectory
Informazioni: Deploying web application directory /home/accounts/studenti/id846liu/Programmi/tomcat/webapps/ROOT
mag 14, 2014 11:35:16 AM org.apache.catalina.startup.SetContextPropertiesRule begin
Avvertenza: [SetContextPropertiesRule]{Context} Setting property 'isInvokerEnabled' to 'true' did not find a matching property.
mag 14, 2014 11:35:17 AM org.apache.coyote.AbstractProtocol start
Informazioni: Starting ProtocolHandler ["http-bio-8080"]
mag 14, 2014 11:35:17 AM org.apache.coyote.AbstractProtocol start
Informazioni: Starting ProtocolHandler ["ajp-bio-8009"]
mag 14, 2014 11:35:17 AM org.apache.catalina.startup.Catalina start
Informazioni: Server startup in 4031 ms
mag 14, 2014 12:13:03 PM org.apache.coyote.AbstractProtocol pause
Informazioni: Pausing ProtocolHandler ["http-bio-8080"]
mag 14, 2014 12:13:03 PM org.apache.coyote.AbstractProtocol pause
Informazioni: Pausing ProtocolHandler ["ajp-bio-8009"]
mag 14, 2014 12:13:03 PM org.apache.catalina.core.StandardService stopInternal
Informazioni: Stopping service Catalina
mag 14, 2014 12:13:03 PM org.apache.catalina.loader.WebappClassLoader clearReferencesJdbc
Grave: The web application [] registered the JDBC driver [org.postgresql.Driver] but failed to unregister it when the web application was stopped. To prevent a memory leak, the JDBC Driver has been forcibly unregistered.
mag 14, 2014 12:13:03 PM org.apache.coyote.AbstractProtocol stop
Informazioni: Stopping ProtocolHandler ["http-bio-8080"]
mag 14, 2014 12:13:03 PM org.apache.coyote.AbstractProtocol stop
Informazioni: Stopping ProtocolHandler ["ajp-bio-8009"]
mag 14, 2014 12:13:03 PM org.apache.coyote.AbstractProtocol destroy
Informazioni: Destroying ProtocolHandler ["http-bio-8080"]
mag 14, 2014 12:13:03 PM org.apache.coyote.AbstractProtocol destroy
Informazioni: Destroying ProtocolHandler ["ajp-bio-8009"]
mag 14, 2014 2:41:52 PM org.apache.catalina.core.AprLifecycleListener init
Informazioni: The APR based Apache Tomcat Native library which allows optimal performance in production environments was not found on the java.library.path: /usr/java/packages/lib/amd64:/usr/lib64:/lib64:/lib:/usr/lib
mag 14, 2014 2:41:53 PM org.apache.tomcat.util.digester.SetPropertiesRule begin
Avvertenza: [SetPropertiesRule]{Server/Service/Engine/Host} Setting property 'xmlValidation' to 'false' did not find a matching property.
mag 14, 2014 2:41:53 PM org.apache.tomcat.util.digester.SetPropertiesRule begin
Avvertenza: [SetPropertiesRule]{Server/Service/Engine/Host} Setting property 'xmlNamespaceAware' to 'false' did not find a matching property.
mag 14, 2014 2:41:53 PM org.apache.coyote.AbstractProtocol init
Informazioni: Initializing ProtocolHandler ["http-bio-8080"]
mag 14, 2014 2:41:53 PM org.apache.coyote.AbstractProtocol init
Informazioni: Initializing ProtocolHandler ["ajp-bio-8009"]
mag 14, 2014 2:41:53 PM org.apache.catalina.startup.Catalina load
Informazioni: Initialization processed in 2346 ms
mag 14, 2014 2:41:53 PM org.apache.catalina.core.StandardService startInternal
Informazioni: Starting service Catalina
mag 14, 2014 2:41:53 PM org.apache.catalina.core.StandardEngine startInternal
Informazioni: Starting Servlet Engine: Apache Tomcat/7.0.30
mag 14, 2014 2:41:53 PM org.apache.catalina.startup.HostConfig deployDirectory
Informazioni: Deploying web application directory /home/accounts/studenti/id846liu/Programmi/tomcat/webapps/CorsoStudi
mag 14, 2014 2:41:53 PM org.apache.catalina.startup.SetContextPropertiesRule begin
Avvertenza: [SetContextPropertiesRule]{Context} Setting property 'isInvokerEnabled' to 'true' did not find a matching property.
mag 14, 2014 2:41:56 PM org.apache.catalina.startup.HostConfig deployDirectory
Informazioni: Deploying web application directory /home/accounts/studenti/id846liu/Programmi/tomcat/webapps/ROOT
mag 14, 2014 2:41:56 PM org.apache.catalina.startup.SetContextPropertiesRule begin
Avvertenza: [SetContextPropertiesRule]{Context} Setting property 'isInvokerEnabled' to 'true' did not find a matching property.
mag 14, 2014 2:41:57 PM org.apache.coyote.AbstractProtocol start
Informazioni: Starting ProtocolHandler ["http-bio-8080"]
mag 14, 2014 2:41:57 PM org.apache.coyote.AbstractProtocol start
Informazioni: Starting ProtocolHandler ["ajp-bio-8009"]
mag 14, 2014 2:41:57 PM org.apache.catalina.startup.Catalina start
Informazioni: Server startup in 3411 ms
mag 14, 2014 4:10:10 PM org.apache.catalina.loader.WebappClassLoader modified
Grave:     Resource '/WEB-INF/classes/ServletCorsoStudi.class' is missing
mag 14, 2014 4:10:10 PM org.apache.catalina.core.StandardContext reload
Informazioni: Reloading Context with name [/CorsoStudi] has started
mag 14, 2014 4:10:10 PM org.apache.catalina.loader.WebappClassLoader clearReferencesJdbc
Grave: The web application [/CorsoStudi] registered the JDBC driver [org.postgresql.Driver] but failed to unregister it when the web application was stopped. To prevent a memory leak, the JDBC Driver has been forcibly unregistered.
mag 14, 2014 4:10:10 PM org.apache.catalina.core.StandardContext reload
Informazioni: Reloading Context with name [/CorsoStudi] is completed
mag 14, 2014 4:23:31 PM org.apache.catalina.core.StandardContext reload
Informazioni: Reloading Context with name [/CorsoStudi] has started
mag 14, 2014 4:23:31 PM org.apache.catalina.core.StandardContext reload
Informazioni: Reloading Context with name [/CorsoStudi] is completed
mag 14, 2014 4:24:01 PM org.apache.catalina.core.StandardContext reload
Informazioni: Reloading Context with name [/CorsoStudi] has started
mag 14, 2014 4:24:01 PM org.apache.catalina.core.StandardContext reload
Informazioni: Reloading Context with name [/CorsoStudi] is completed
mag 14, 2014 4:25:45 PM org.apache.catalina.core.StandardServer await
Informazioni: A valid shutdown command was received via the shutdown port. Stopping the Server instance.
mag 14, 2014 4:25:45 PM org.apache.coyote.AbstractProtocol pause
Informazioni: Pausing ProtocolHandler ["http-bio-8080"]
mag 14, 2014 4:25:45 PM org.apache.coyote.AbstractProtocol pause
Informazioni: Pausing ProtocolHandler ["ajp-bio-8009"]
mag 14, 2014 4:25:49 PM org.apache.catalina.core.AprLifecycleListener init
Informazioni: The APR based Apache Tomcat Native library which allows optimal performance in production environments was not found on the java.library.path: /usr/java/packages/lib/amd64:/usr/lib64:/lib64:/lib:/usr/lib
mag 14, 2014 4:25:50 PM org.apache.tomcat.util.digester.SetPropertiesRule begin
Avvertenza: [SetPropertiesRule]{Server/Service/Engine/Host} Setting property 'xmlValidation' to 'false' did not find a matching property.
mag 14, 2014 4:25:50 PM org.apache.tomcat.util.digester.SetPropertiesRule begin
Avvertenza: [SetPropertiesRule]{Server/Service/Engine/Host} Setting property 'xmlNamespaceAware' to 'false' did not find a matching property.
mag 14, 2014 4:25:50 PM org.apache.coyote.AbstractProtocol init
Informazioni: Initializing ProtocolHandler ["http-bio-8080"]
mag 14, 2014 4:25:50 PM org.apache.coyote.AbstractProtocol init
Informazioni: Initializing ProtocolHandler ["ajp-bio-8009"]
mag 14, 2014 4:25:50 PM org.apache.catalina.startup.Catalina load
Informazioni: Initialization processed in 671 ms
mag 14, 2014 4:25:50 PM org.apache.catalina.core.StandardService startInternal
Informazioni: Starting service Catalina
mag 14, 2014 4:25:50 PM org.apache.catalina.core.StandardEngine startInternal
Informazioni: Starting Servlet Engine: Apache Tomcat/7.0.30
mag 14, 2014 4:25:50 PM org.apache.catalina.startup.HostConfig deployDirectory
Informazioni: Deploying web application directory /home/accounts/studenti/id846liu/Programmi/tomcat/webapps/CorsoStudi
mag 14, 2014 4:25:50 PM org.apache.catalina.startup.SetContextPropertiesRule begin
Avvertenza: [SetContextPropertiesRule]{Context} Setting property 'isInvokerEnabled' to 'true' did not find a matching property.
mag 14, 2014 4:25:51 PM org.apache.catalina.startup.HostConfig deployDirectory
Informazioni: Deploying web application directory /home/accounts/studenti/id846liu/Programmi/tomcat/webapps/ROOT
mag 14, 2014 4:25:51 PM org.apache.catalina.startup.SetContextPropertiesRule begin
Avvertenza: [SetContextPropertiesRule]{Context} Setting property 'isInvokerEnabled' to 'true' did not find a matching property.
mag 14, 2014 4:25:52 PM org.apache.coyote.AbstractProtocol start
Informazioni: Starting ProtocolHandler ["http-bio-8080"]
mag 14, 2014 4:25:52 PM org.apache.coyote.AbstractProtocol start
Informazioni: Starting ProtocolHandler ["ajp-bio-8009"]
mag 14, 2014 4:25:52 PM org.apache.catalina.startup.Catalina start
Informazioni: Server startup in 2178 ms
mag 14, 2014 4:31:02 PM org.apache.catalina.core.StandardContext reload
Informazioni: Reloading Context with name [/CorsoStudi] has started
mag 14, 2014 4:31:02 PM org.apache.catalina.core.StandardWrapper unload
Informazioni: Waiting for 1 instance(s) to be deallocated
mag 14, 2014 4:31:02 PM org.apache.catalina.loader.WebappClassLoader clearReferencesJdbc
Grave: The web application [/CorsoStudi] registered the JDBC driver [org.postgresql.Driver] but failed to unregister it when the web application was stopped. To prevent a memory leak, the JDBC Driver has been forcibly unregistered.
mag 14, 2014 4:31:03 PM org.apache.catalina.core.StandardContext reload
Informazioni: Reloading Context with name [/CorsoStudi] is completed
mag 14, 2014 4:32:43 PM org.apache.catalina.core.StandardContext reload
Informazioni: Reloading Context with name [/CorsoStudi] has started
mag 14, 2014 4:32:43 PM org.apache.catalina.loader.WebappClassLoader clearReferencesJdbc
Grave: The web application [/CorsoStudi] registered the JDBC driver [org.postgresql.Driver] but failed to unregister it when the web application was stopped. To prevent a memory leak, the JDBC Driver has been forcibly unregistered.
mag 14, 2014 4:32:43 PM org.apache.catalina.core.StandardContext reload
Informazioni: Reloading Context with name [/CorsoStudi] is completed
mag 14, 2014 4:34:33 PM org.apache.catalina.core.StandardContext reload
Informazioni: Reloading Context with name [/CorsoStudi] has started
mag 14, 2014 4:34:33 PM org.apache.catalina.loader.WebappClassLoader clearReferencesJdbc
Grave: The web application [/CorsoStudi] registered the JDBC driver [org.postgresql.Driver] but failed to unregister it when the web application was stopped. To prevent a memory leak, the JDBC Driver has been forcibly unregistered.
mag 14, 2014 4:34:33 PM org.apache.catalina.core.StandardContext reload
Informazioni: Reloading Context with name [/CorsoStudi] is completed
mag 14, 2014 4:34:43 PM org.apache.catalina.core.StandardContext reload
Informazioni: Reloading Context with name [/CorsoStudi] has started
mag 14, 2014 4:34:43 PM org.apache.catalina.loader.WebappClassLoader clearReferencesJdbc
Grave: The web application [/CorsoStudi] registered the JDBC driver [org.postgresql.Driver] but failed to unregister it when the web application was stopped. To prevent a memory leak, the JDBC Driver has been forcibly unregistered.
mag 14, 2014 4:34:44 PM org.apache.catalina.core.StandardContext reload
Informazioni: Reloading Context with name [/CorsoStudi] is completed
mag 14, 2014 4:35:24 PM org.apache.catalina.core.StandardContext reload
Informazioni: Reloading Context with name [/CorsoStudi] has started
mag 14, 2014 4:35:24 PM org.apache.catalina.loader.WebappClassLoader clearReferencesJdbc
Grave: The web application [/CorsoStudi] registered the JDBC driver [org.postgresql.Driver] but failed to unregister it when the web application was stopped. To prevent a memory leak, the JDBC Driver has been forcibly unregistered.
mag 14, 2014 4:35:24 PM org.apache.catalina.core.StandardContext reload
Informazioni: Reloading Context with name [/CorsoStudi] is completed
mag 14, 2014 4:36:44 PM org.apache.catalina.core.StandardContext reload
Informazioni: Reloading Context with name [/CorsoStudi] has started
mag 14, 2014 4:36:44 PM org.apache.catalina.loader.WebappClassLoader clearReferencesJdbc
Grave: The web application [/CorsoStudi] registered the JDBC driver [org.postgresql.Driver] but failed to unregister it when the web application was stopped. To prevent a memory leak, the JDBC Driver has been forcibly unregistered.
mag 14, 2014 4:36:45 PM org.apache.catalina.core.StandardContext reload
Informazioni: Reloading Context with name [/CorsoStudi] is completed
mag 14, 2014 4:39:25 PM org.apache.catalina.core.StandardContext reload
Informazioni: Reloading Context with name [/CorsoStudi] has started
mag 14, 2014 4:39:25 PM org.apache.catalina.loader.WebappClassLoader clearReferencesJdbc
Grave: The web application [/CorsoStudi] registered the JDBC driver [org.postgresql.Driver] but failed to unregister it when the web application was stopped. To prevent a memory leak, the JDBC Driver has been forcibly unregistered.
mag 14, 2014 4:39:25 PM org.apache.catalina.core.StandardContext reload
Informazioni: Reloading Context with name [/CorsoStudi] is completed
mag 14, 2014 4:40:55 PM org.apache.catalina.core.StandardContext reload
Informazioni: Reloading Context with name [/CorsoStudi] has started
mag 14, 2014 4:40:55 PM org.apache.catalina.loader.WebappClassLoader clearReferencesJdbc
Grave: The web application [/CorsoStudi] registered the JDBC driver [org.postgresql.Driver] but failed to unregister it when the web application was stopped. To prevent a memory leak, the JDBC Driver has been forcibly unregistered.
mag 14, 2014 4:40:55 PM org.apache.catalina.core.StandardContext reload
Informazioni: Reloading Context with name [/CorsoStudi] is completed
mag 14, 2014 4:45:36 PM org.apache.catalina.core.StandardContext reload
Informazioni: Reloading Context with name [/CorsoStudi] has started
mag 14, 2014 4:45:36 PM org.apache.catalina.loader.WebappClassLoader clearReferencesJdbc
Grave: The web application [/CorsoStudi] registered the JDBC driver [org.postgresql.Driver] but failed to unregister it when the web application was stopped. To prevent a memory leak, the JDBC Driver has been forcibly unregistered.
mag 14, 2014 4:45:36 PM org.apache.catalina.core.StandardContext reload
Informazioni: Reloading Context with name [/CorsoStudi] is completed
mag 14, 2014 4:46:36 PM org.apache.catalina.core.StandardContext reload
Informazioni: Reloading Context with name [/CorsoStudi] has started
mag 14, 2014 4:46:36 PM org.apache.catalina.loader.WebappClassLoader clearReferencesJdbc
Grave: The web application [/CorsoStudi] registered the JDBC driver [org.postgresql.Driver] but failed to unregister it when the web application was stopped. To prevent a memory leak, the JDBC Driver has been forcibly unregistered.
mag 14, 2014 4:46:36 PM org.apache.catalina.core.StandardContext reload
Informazioni: Reloading Context with name [/CorsoStudi] is completed
mag 14, 2014 4:59:45 PM org.apache.catalina.core.StandardServer await
Informazioni: A valid shutdown command was received via the shutdown port. Stopping the Server instance.
mag 14, 2014 4:59:45 PM org.apache.coyote.AbstractProtocol pause
Informazioni: Pausing ProtocolHandler ["http-bio-8080"]
mag 14, 2014 4:59:45 PM org.apache.coyote.AbstractProtocol pause
Informazioni: Pausing ProtocolHandler ["ajp-bio-8009"]
mag 14, 2014 4:59:45 PM org.apache.catalina.core.StandardService stopInternal
Informazioni: Stopping service Catalina
mag 14, 2014 4:59:52 PM org.apache.catalina.core.AprLifecycleListener init
Informazioni: The APR based Apache Tomcat Native library which allows optimal performance in production environments was not found on the java.library.path: /usr/java/packages/lib/amd64:/usr/lib64:/lib64:/lib:/usr/lib
mag 14, 2014 4:59:52 PM org.apache.tomcat.util.digester.SetPropertiesRule begin
Avvertenza: [SetPropertiesRule]{Server/Service/Engine/Host} Setting property 'xmlValidation' to 'false' did not find a matching property.
mag 14, 2014 4:59:52 PM org.apache.tomcat.util.digester.SetPropertiesRule begin
Avvertenza: [SetPropertiesRule]{Server/Service/Engine/Host} Setting property 'xmlNamespaceAware' to 'false' did not find a matching property.
mag 14, 2014 4:59:52 PM org.apache.coyote.AbstractProtocol init
Informazioni: Initializing ProtocolHandler ["http-bio-8080"]
mag 14, 2014 4:59:52 PM org.apache.coyote.AbstractProtocol init
Informazioni: Initializing ProtocolHandler ["ajp-bio-8009"]
mag 14, 2014 4:59:52 PM org.apache.catalina.startup.Catalina load
Informazioni: Initialization processed in 642 ms
mag 14, 2014 4:59:53 PM org.apache.catalina.core.StandardService startInternal
Informazioni: Starting service Catalina
mag 14, 2014 4:59:53 PM org.apache.catalina.core.StandardEngine startInternal
Informazioni: Starting Servlet Engine: Apache Tomcat/7.0.30
mag 14, 2014 4:59:53 PM org.apache.catalina.startup.HostConfig deployDirectory
Informazioni: Deploying web application directory /home/accounts/studenti/id846liu/Programmi/tomcat/webapps/CorsoStudi
mag 14, 2014 4:59:53 PM org.apache.catalina.startup.SetContextPropertiesRule begin
Avvertenza: [SetContextPropertiesRule]{Context} Setting property 'isInvokerEnabled' to 'true' did not find a matching property.
mag 14, 2014 4:59:54 PM org.apache.catalina.startup.HostConfig deployDirectory
Informazioni: Deploying web application directory /home/accounts/studenti/id846liu/Programmi/tomcat/webapps/ROOT
mag 14, 2014 4:59:54 PM org.apache.catalina.startup.SetContextPropertiesRule begin
Avvertenza: [SetContextPropertiesRule]{Context} Setting property 'isInvokerEnabled' to 'true' did not find a matching property.
mag 14, 2014 4:59:55 PM org.apache.coyote.AbstractProtocol start
Informazioni: Starting ProtocolHandler ["http-bio-8080"]
mag 14, 2014 4:59:55 PM org.apache.coyote.AbstractProtocol start
Informazioni: Starting ProtocolHandler ["ajp-bio-8009"]
mag 14, 2014 4:59:55 PM org.apache.catalina.startup.Catalina start
Informazioni: Server startup in 2125 ms
mag 14, 2014 5:01:35 PM org.apache.catalina.core.StandardContext reload
Informazioni: Reloading Context with name [/CorsoStudi] has started
mag 14, 2014 5:01:35 PM org.apache.catalina.loader.WebappClassLoader clearReferencesJdbc
Grave: The web application [/CorsoStudi] registered the JDBC driver [org.postgresql.Driver] but failed to unregister it when the web application was stopped. To prevent a memory leak, the JDBC Driver has been forcibly unregistered.
mag 14, 2014 5:01:35 PM org.apache.catalina.core.StandardContext reload
Informazioni: Reloading Context with name [/CorsoStudi] is completed
mag 14, 2014 5:04:05 PM org.apache.catalina.core.StandardContext reload
Informazioni: Reloading Context with name [/CorsoStudi] has started
mag 14, 2014 5:04:05 PM org.apache.catalina.loader.WebappClassLoader clearReferencesJdbc
Grave: The web application [/CorsoStudi] registered the JDBC driver [org.postgresql.Driver] but failed to unregister it when the web application was stopped. To prevent a memory leak, the JDBC Driver has been forcibly unregistered.
mag 14, 2014 5:04:06 PM org.apache.catalina.core.StandardContext reload
Informazioni: Reloading Context with name [/CorsoStudi] is completed
mag 14, 2014 5:04:26 PM org.apache.catalina.core.StandardContext reload
Informazioni: Reloading Context with name [/CorsoStudi] has started
mag 14, 2014 5:04:26 PM org.apache.catalina.loader.WebappClassLoader clearReferencesJdbc
Grave: The web application [/CorsoStudi] registered the JDBC driver [org.postgresql.Driver] but failed to unregister it when the web application was stopped. To prevent a memory leak, the JDBC Driver has been forcibly unregistered.
mag 14, 2014 5:04:26 PM org.apache.catalina.core.StandardContext reload
Informazioni: Reloading Context with name [/CorsoStudi] is completed
mag 14, 2014 5:08:06 PM org.apache.catalina.core.StandardContext reload
Informazioni: Reloading Context with name [/CorsoStudi] has started
mag 14, 2014 5:08:06 PM org.apache.catalina.loader.WebappClassLoader clearReferencesJdbc
Grave: The web application [/CorsoStudi] registered the JDBC driver [org.postgresql.Driver] but failed to unregister it when the web application was stopped. To prevent a memory leak, the JDBC Driver has been forcibly unregistered.
mag 14, 2014 5:08:07 PM org.apache.catalina.core.StandardContext reload
Informazioni: Reloading Context with name [/CorsoStudi] is completed
mag 14, 2014 5:14:27 PM org.apache.catalina.core.StandardContext reload
Informazioni: Reloading Context with name [/CorsoStudi] has started
mag 14, 2014 5:14:27 PM org.apache.catalina.loader.WebappClassLoader clearReferencesJdbc
Grave: The web application [/CorsoStudi] registered the JDBC driver [org.postgresql.Driver] but failed to unregister it when the web application was stopped. To prevent a memory leak, the JDBC Driver has been forcibly unregistered.
mag 14, 2014 5:14:27 PM org.apache.catalina.core.StandardContext reload
Informazioni: Reloading Context with name [/CorsoStudi] is completed
mag 14, 2014 5:19:37 PM org.apache.catalina.core.StandardContext reload
Informazioni: Reloading Context with name [/CorsoStudi] has started
mag 14, 2014 5:19:37 PM org.apache.catalina.loader.WebappClassLoader clearReferencesJdbc
Grave: The web application [/CorsoStudi] registered the JDBC driver [org.postgresql.Driver] but failed to unregister it when the web application was stopped. To prevent a memory leak, the JDBC Driver has been forcibly unregistered.
mag 14, 2014 5:19:38 PM org.apache.catalina.core.StandardContext reload
Informazioni: Reloading Context with name [/CorsoStudi] is completed
mag 14, 2014 5:28:48 PM org.apache.catalina.core.StandardContext reload
Informazioni: Reloading Context with name [/CorsoStudi] has started
mag 14, 2014 5:28:48 PM org.apache.catalina.loader.WebappClassLoader clearReferencesJdbc
Grave: The web application [/CorsoStudi] registered the JDBC driver [org.postgresql.Driver] but failed to unregister it when the web application was stopped. To prevent a memory leak, the JDBC Driver has been forcibly unregistered.
mag 14, 2014 5:28:48 PM org.apache.catalina.core.StandardContext reload
Informazioni: Reloading Context with name [/CorsoStudi] is completed
mag 14, 2014 5:43:39 PM org.apache.catalina.core.StandardContext reload
Informazioni: Reloading Context with name [/CorsoStudi] has started
mag 14, 2014 5:43:39 PM org.apache.catalina.loader.WebappClassLoader clearReferencesJdbc
Grave: The web application [/CorsoStudi] registered the JDBC driver [org.postgresql.Driver] but failed to unregister it when the web application was stopped. To prevent a memory leak, the JDBC Driver has been forcibly unregistered.
mag 14, 2014 5:43:39 PM org.apache.catalina.core.StandardContext reload
Informazioni: Reloading Context with name [/CorsoStudi] is completed
mag 14, 2014 5:46:59 PM org.apache.catalina.core.StandardContext reload
Informazioni: Reloading Context with name [/CorsoStudi] has started
mag 14, 2014 5:46:59 PM org.apache.catalina.loader.WebappClassLoader clearReferencesJdbc
Grave: The web application [/CorsoStudi] registered the JDBC driver [org.postgresql.Driver] but failed to unregister it when the web application was stopped. To prevent a memory leak, the JDBC Driver has been forcibly unregistered.
mag 14, 2014 5:46:59 PM org.apache.catalina.core.StandardContext reload
Informazioni: Reloading Context with name [/CorsoStudi] is completed
mag 14, 2014 5:49:19 PM org.apache.catalina.core.StandardContext reload
Informazioni: Reloading Context with name [/CorsoStudi] has started
mag 14, 2014 5:49:19 PM org.apache.catalina.loader.WebappClassLoader clearReferencesJdbc
Grave: The web application [/CorsoStudi] registered the JDBC driver [org.postgresql.Driver] but failed to unregister it when the web application was stopped. To prevent a memory leak, the JDBC Driver has been forcibly unregistered.
mag 14, 2014 5:49:20 PM org.apache.catalina.core.StandardContext reload
Informazioni: Reloading Context with name [/CorsoStudi] is completed
mag 14, 2014 6:45:13 PM org.apache.coyote.AbstractProtocol pause
Informazioni: Pausing ProtocolHandler ["http-bio-8080"]
mag 14, 2014 6:45:13 PM org.apache.coyote.AbstractProtocol pause
Informazioni: Pausing ProtocolHandler ["ajp-bio-8009"]
mag 14, 2014 6:45:13 PM org.apache.catalina.core.StandardService stopInternal
Informazioni: Stopping service Catalina
mag 14, 2014 6:45:13 PM org.apache.catalina.loader.WebappClassLoader clearReferencesJdbc
Grave: The web application [/CorsoStudi] registered the JDBC driver [org.postgresql.Driver] but failed to unregister it when the web application was stopped. To prevent a memory leak, the JDBC Driver has been forcibly unregistered.
mag 14, 2014 6:45:13 PM org.apache.coyote.AbstractProtocol stop
Informazioni: Stopping ProtocolHandler ["http-bio-8080"]
mag 14, 2014 6:45:13 PM org.apache.coyote.AbstractProtocol stop
Informazioni: Stopping ProtocolHandler ["ajp-bio-8009"]
mag 14, 2014 6:45:13 PM org.apache.coyote.AbstractProtocol destroy
Informazioni: Destroying ProtocolHandler ["http-bio-8080"]
mag 14, 2014 6:45:13 PM org.apache.coyote.AbstractProtocol destroy
Informazioni: Destroying ProtocolHandler ["ajp-bio-8009"]
