usage: java org.apache.catalina.startup.Catalina [ -config {pathname} ] [ -nonaming ]  { -help | start | stop }
mag 22, 2014 10:16:09 AM org.apache.catalina.core.AprLifecycleListener init
Informazioni: The APR based Apache Tomcat Native library which allows optimal performance in production environments was not found on the java.library.path: /usr/java/packages/lib/amd64:/usr/lib64:/lib64:/lib:/usr/lib
mag 22, 2014 10:16:10 AM org.apache.tomcat.util.digester.SetPropertiesRule begin
Avvertenza: [SetPropertiesRule]{Server/Service/Engine/Host} Setting property 'xmlValidation' to 'false' did not find a matching property.
mag 22, 2014 10:16:10 AM org.apache.tomcat.util.digester.SetPropertiesRule begin
Avvertenza: [SetPropertiesRule]{Server/Service/Engine/Host} Setting property 'xmlNamespaceAware' to 'false' did not find a matching property.
mag 22, 2014 10:16:11 AM org.apache.coyote.AbstractProtocol init
Informazioni: Initializing ProtocolHandler ["http-bio-8080"]
mag 22, 2014 10:16:11 AM org.apache.coyote.AbstractProtocol init
Informazioni: Initializing ProtocolHandler ["ajp-bio-8009"]
mag 22, 2014 10:16:11 AM org.apache.catalina.startup.Catalina load
Informazioni: Initialization processed in 3697 ms
mag 22, 2014 10:16:11 AM org.apache.catalina.core.StandardService startInternal
Informazioni: Starting service Catalina
mag 22, 2014 10:16:11 AM org.apache.catalina.core.StandardEngine startInternal
Informazioni: Starting Servlet Engine: Apache Tomcat/7.0.30
mag 22, 2014 10:16:11 AM org.apache.catalina.startup.HostConfig deployDirectory
Informazioni: Deploying web application directory /home/accounts/studenti/id846liu/Programmi/tomcat/webapps/CorsoStudi
mag 22, 2014 10:16:11 AM org.apache.catalina.startup.SetContextPropertiesRule begin
Avvertenza: [SetContextPropertiesRule]{Context} Setting property 'isInvokerEnabled' to 'true' did not find a matching property.
mag 22, 2014 10:16:15 AM org.apache.catalina.util.SessionIdGenerator createSecureRandom
Informazioni: Creation of SecureRandom instance for session ID generation using [SHA1PRNG] took [409] milliseconds.
mag 22, 2014 10:16:15 AM org.apache.catalina.startup.HostConfig deployDirectory
Informazioni: Deploying web application directory /home/accounts/studenti/id846liu/Programmi/tomcat/webapps/sito
mag 22, 2014 10:16:15 AM org.apache.catalina.startup.SetContextPropertiesRule begin
Avvertenza: [SetContextPropertiesRule]{Context} Setting property 'isInvokerEnabled' to 'true' did not find a matching property.
mag 22, 2014 10:16:16 AM org.apache.catalina.startup.HostConfig deployDirectory
Informazioni: Deploying web application directory /home/accounts/studenti/id846liu/Programmi/tomcat/webapps/ROOT
mag 22, 2014 10:16:16 AM org.apache.catalina.startup.SetContextPropertiesRule begin
Avvertenza: [SetContextPropertiesRule]{Context} Setting property 'isInvokerEnabled' to 'true' did not find a matching property.
mag 22, 2014 10:16:16 AM org.apache.coyote.AbstractProtocol start
Informazioni: Starting ProtocolHandler ["http-bio-8080"]
mag 22, 2014 10:16:16 AM org.apache.coyote.AbstractProtocol start
Informazioni: Starting ProtocolHandler ["ajp-bio-8009"]
mag 22, 2014 10:16:16 AM org.apache.catalina.startup.Catalina start
Informazioni: Server startup in 5434 ms
