apr 16, 2014 12:22:11 PM org.apache.catalina.core.AprLifecycleListener init
Informazioni: The APR based Apache Tomcat Native library which allows optimal performance in production environments was not found on the java.library.path: /usr/java/packages/lib/amd64:/usr/lib64:/lib64:/lib:/usr/lib
apr 16, 2014 12:22:12 PM org.apache.tomcat.util.digester.SetPropertiesRule begin
Avvertenza: [SetPropertiesRule]{Server/Service/Engine/Host} Setting property 'xmlValidation' to 'false' did not find a matching property.
apr 16, 2014 12:22:12 PM org.apache.tomcat.util.digester.SetPropertiesRule begin
Avvertenza: [SetPropertiesRule]{Server/Service/Engine/Host} Setting property 'xmlNamespaceAware' to 'false' did not find a matching property.
apr 16, 2014 12:22:12 PM org.apache.coyote.AbstractProtocol init
Informazioni: Initializing ProtocolHandler ["http-bio-8080"]
apr 16, 2014 12:22:12 PM org.apache.coyote.AbstractProtocol init
Informazioni: Initializing ProtocolHandler ["ajp-bio-8009"]
apr 16, 2014 12:22:12 PM org.apache.catalina.startup.Catalina load
Informazioni: Initialization processed in 1372 ms
apr 16, 2014 12:22:12 PM org.apache.catalina.core.StandardService startInternal
Informazioni: Starting service Catalina
apr 16, 2014 12:22:12 PM org.apache.catalina.core.StandardEngine startInternal
Informazioni: Starting Servlet Engine: Apache Tomcat/7.0.30
apr 16, 2014 12:22:12 PM org.apache.catalina.startup.HostConfig deployDirectory
Informazioni: Deploying web application directory /home/accounts/studenti/id846liu/Programmi/tomcat/webapps/ROOT
apr 16, 2014 12:22:12 PM org.apache.catalina.startup.SetContextPropertiesRule begin
Avvertenza: [SetContextPropertiesRule]{Context} Setting property 'isInvokerEnabled' to 'true' did not find a matching property.
apr 16, 2014 12:22:14 PM org.apache.coyote.AbstractProtocol start
Informazioni: Starting ProtocolHandler ["http-bio-8080"]
apr 16, 2014 12:22:14 PM org.apache.coyote.AbstractProtocol start
Informazioni: Starting ProtocolHandler ["ajp-bio-8009"]
apr 16, 2014 12:22:14 PM org.apache.catalina.startup.Catalina start
Informazioni: Server startup in 2037 ms
apr 16, 2014 12:26:04 PM org.apache.catalina.startup.HostConfig deployDirectory
Informazioni: Deploying web application directory /home/accounts/studenti/id846liu/Programmi/tomcat/webapps/HelloWWW
apr 16, 2014 12:26:04 PM org.apache.catalina.startup.SetContextPropertiesRule begin
Avvertenza: [SetContextPropertiesRule]{Context} Setting property 'isInvokerEnabled' to 'true' did not find a matching property.
apr 16, 2014 12:32:15 PM org.apache.catalina.startup.HostConfig checkResources
Informazioni: Reloading context []
apr 16, 2014 12:32:15 PM org.apache.catalina.core.StandardContext reload
Informazioni: Reloading Context with name [] has started
apr 16, 2014 12:32:15 PM org.apache.catalina.loader.WebappClassLoader clearReferencesJdbc
Grave: The web application [] registered the JDBC driver [org.postgresql.Driver] but failed to unregister it when the web application was stopped. To prevent a memory leak, the JDBC Driver has been forcibly unregistered.
apr 16, 2014 12:32:16 PM org.apache.catalina.core.StandardContext reload
Grave: Exception starting Context with name []
org.apache.catalina.LifecycleException: Failed to start component [StandardEngine[Catalina].StandardHost[localhost].StandardContext[]]
	at org.apache.catalina.util.LifecycleBase.start(LifecycleBase.java:154)
	at org.apache.catalina.core.StandardContext.reload(StandardContext.java:3920)
	at org.apache.catalina.startup.HostConfig.checkResources(HostConfig.java:1357)
	at org.apache.catalina.startup.HostConfig.check(HostConfig.java:1451)
	at org.apache.catalina.startup.HostConfig.lifecycleEvent(HostConfig.java:296)
	at org.apache.catalina.util.LifecycleSupport.fireLifecycleEvent(LifecycleSupport.java:119)
	at org.apache.catalina.util.LifecycleBase.fireLifecycleEvent(LifecycleBase.java:90)
	at org.apache.catalina.core.ContainerBase.backgroundProcess(ContainerBase.java:1374)
	at org.apache.catalina.core.ContainerBase$ContainerBackgroundProcessor.processChildren(ContainerBase.java:1530)
	at org.apache.catalina.core.ContainerBase$ContainerBackgroundProcessor.processChildren(ContainerBase.java:1540)
	at org.apache.catalina.core.ContainerBase$ContainerBackgroundProcessor.run(ContainerBase.java:1519)
	at java.lang.Thread.run(Thread.java:744)
Caused by: java.lang.IllegalArgumentException: Servlet mapping specifies an unknown servlet name ServletHelloWWW
	at org.apache.catalina.core.StandardContext.addServletMapping(StandardContext.java:3213)
	at org.apache.catalina.core.StandardContext.addServletMapping(StandardContext.java:3192)
	at org.apache.catalina.deploy.WebXml.configureContext(WebXml.java:1305)
	at org.apache.catalina.startup.ContextConfig.webConfig(ContextConfig.java:1349)
	at org.apache.catalina.startup.ContextConfig.configureStart(ContextConfig.java:878)
	at org.apache.catalina.startup.ContextConfig.lifecycleEvent(ContextConfig.java:369)
	at org.apache.catalina.util.LifecycleSupport.fireLifecycleEvent(LifecycleSupport.java:119)
	at org.apache.catalina.util.LifecycleBase.fireLifecycleEvent(LifecycleBase.java:90)
	at org.apache.catalina.core.StandardContext.startInternal(StandardContext.java:5173)
	at org.apache.catalina.util.LifecycleBase.start(LifecycleBase.java:150)
	... 11 more

apr 16, 2014 12:32:16 PM org.apache.catalina.core.StandardContext reload
Informazioni: Reloading Context with name [] is completed
apr 16, 2014 12:32:26 PM org.apache.catalina.startup.HostConfig checkResources
Informazioni: Reloading context []
apr 16, 2014 12:33:16 PM org.apache.catalina.startup.HostConfig checkResources
Informazioni: Reloading context []
apr 16, 2014 12:33:16 PM org.apache.catalina.core.StandardContext reload
Informazioni: Reloading Context with name [] has started
apr 16, 2014 12:33:16 PM org.apache.catalina.core.StandardContext reload
Informazioni: Reloading Context with name [] is completed
apr 16, 2014 12:35:36 PM org.apache.catalina.core.StandardContext reload
Informazioni: Reloading Context with name [] has started
apr 16, 2014 12:35:37 PM org.apache.catalina.core.StandardContext reload
Informazioni: Reloading Context with name [] is completed
