mag 20, 2014 9:40:43 AM org.apache.catalina.core.AprLifecycleListener init
Informazioni: The APR based Apache Tomcat Native library which allows optimal performance in production environments was not found on the java.library.path: /usr/java/packages/lib/amd64:/usr/lib64:/lib64:/lib:/usr/lib
mag 20, 2014 9:40:43 AM org.apache.tomcat.util.digester.SetPropertiesRule begin
Avvertenza: [SetPropertiesRule]{Server/Service/Engine/Host} Setting property 'xmlValidation' to 'false' did not find a matching property.
mag 20, 2014 9:40:43 AM org.apache.tomcat.util.digester.SetPropertiesRule begin
Avvertenza: [SetPropertiesRule]{Server/Service/Engine/Host} Setting property 'xmlNamespaceAware' to 'false' did not find a matching property.
mag 20, 2014 9:40:43 AM org.apache.coyote.AbstractProtocol init
Informazioni: Initializing ProtocolHandler ["http-bio-8080"]
mag 20, 2014 9:40:43 AM org.apache.coyote.AbstractProtocol init
Informazioni: Initializing ProtocolHandler ["ajp-bio-8009"]
mag 20, 2014 9:40:43 AM org.apache.catalina.startup.Catalina load
Informazioni: Initialization processed in 1862 ms
mag 20, 2014 9:40:43 AM org.apache.catalina.core.StandardService startInternal
Informazioni: Starting service Catalina
mag 20, 2014 9:40:43 AM org.apache.catalina.core.StandardEngine startInternal
Informazioni: Starting Servlet Engine: Apache Tomcat/7.0.30
mag 20, 2014 9:40:43 AM org.apache.catalina.startup.HostConfig deployDirectory
Informazioni: Deploying web application directory /home/accounts/studenti/id846liu/Programmi/tomcat/webapps/CorsoStudi
mag 20, 2014 9:40:44 AM org.apache.catalina.startup.SetContextPropertiesRule begin
Avvertenza: [SetContextPropertiesRule]{Context} Setting property 'isInvokerEnabled' to 'true' did not find a matching property.
mag 20, 2014 9:40:46 AM org.apache.catalina.startup.HostConfig deployDirectory
Informazioni: Deploying web application directory /home/accounts/studenti/id846liu/Programmi/tomcat/webapps/ROOT
mag 20, 2014 9:40:46 AM org.apache.catalina.startup.SetContextPropertiesRule begin
Avvertenza: [SetContextPropertiesRule]{Context} Setting property 'isInvokerEnabled' to 'true' did not find a matching property.
mag 20, 2014 9:40:47 AM org.apache.coyote.AbstractProtocol start
Informazioni: Starting ProtocolHandler ["http-bio-8080"]
mag 20, 2014 9:40:47 AM org.apache.coyote.AbstractProtocol start
Informazioni: Starting ProtocolHandler ["ajp-bio-8009"]
mag 20, 2014 9:40:47 AM org.apache.catalina.startup.Catalina start
Informazioni: Server startup in 3230 ms
mag 20, 2014 11:00:20 AM org.apache.catalina.startup.HostConfig deployDirectory
Informazioni: Deploying web application directory /home/accounts/studenti/id846liu/Programmi/tomcat/webapps/Nuova cartella
mag 20, 2014 11:00:20 AM org.apache.catalina.startup.SetContextPropertiesRule begin
Avvertenza: [SetContextPropertiesRule]{Context} Setting property 'isInvokerEnabled' to 'true' did not find a matching property.
mag 20, 2014 11:23:21 AM org.apache.coyote.AbstractProtocol pause
Informazioni: Pausing ProtocolHandler ["http-bio-8080"]
mag 20, 2014 11:23:21 AM org.apache.coyote.AbstractProtocol pause
Informazioni: Pausing ProtocolHandler ["ajp-bio-8009"]
mag 20, 2014 11:23:21 AM org.apache.catalina.core.StandardService stopInternal
Informazioni: Stopping service Catalina
mag 20, 2014 11:23:21 AM org.apache.catalina.loader.WebappClassLoader clearReferencesJdbc
Grave: The web application [] registered the JDBC driver [org.postgresql.Driver] but failed to unregister it when the web application was stopped. To prevent a memory leak, the JDBC Driver has been forcibly unregistered.
mag 20, 2014 11:23:21 AM org.apache.coyote.AbstractProtocol stop
Informazioni: Stopping ProtocolHandler ["http-bio-8080"]
mag 20, 2014 11:23:21 AM org.apache.coyote.AbstractProtocol stop
Informazioni: Stopping ProtocolHandler ["ajp-bio-8009"]
mag 20, 2014 11:23:21 AM org.apache.coyote.AbstractProtocol destroy
Informazioni: Destroying ProtocolHandler ["http-bio-8080"]
mag 20, 2014 11:23:21 AM org.apache.coyote.AbstractProtocol destroy
Informazioni: Destroying ProtocolHandler ["ajp-bio-8009"]
mag 20, 2014 2:42:28 PM org.apache.catalina.core.AprLifecycleListener init
Informazioni: The APR based Apache Tomcat Native library which allows optimal performance in production environments was not found on the java.library.path: /usr/java/packages/lib/amd64:/usr/lib64:/lib64:/lib:/usr/lib
mag 20, 2014 2:42:28 PM org.apache.tomcat.util.digester.SetPropertiesRule begin
Avvertenza: [SetPropertiesRule]{Server/Service/Engine/Host} Setting property 'xmlValidation' to 'false' did not find a matching property.
mag 20, 2014 2:42:28 PM org.apache.tomcat.util.digester.SetPropertiesRule begin
Avvertenza: [SetPropertiesRule]{Server/Service/Engine/Host} Setting property 'xmlNamespaceAware' to 'false' did not find a matching property.
mag 20, 2014 2:42:28 PM org.apache.coyote.AbstractProtocol init
Informazioni: Initializing ProtocolHandler ["http-bio-8080"]
mag 20, 2014 2:42:28 PM org.apache.coyote.AbstractProtocol init
Informazioni: Initializing ProtocolHandler ["ajp-bio-8009"]
mag 20, 2014 2:42:28 PM org.apache.catalina.startup.Catalina load
Informazioni: Initialization processed in 802 ms
mag 20, 2014 2:42:28 PM org.apache.catalina.core.StandardService startInternal
Informazioni: Starting service Catalina
mag 20, 2014 2:42:28 PM org.apache.catalina.core.StandardEngine startInternal
Informazioni: Starting Servlet Engine: Apache Tomcat/7.0.30
mag 20, 2014 2:42:28 PM org.apache.catalina.startup.HostConfig deployDirectory
Informazioni: Deploying web application directory /home/accounts/studenti/id846liu/Programmi/tomcat/webapps/CorsoStudi
mag 20, 2014 2:42:28 PM org.apache.catalina.startup.SetContextPropertiesRule begin
Avvertenza: [SetContextPropertiesRule]{Context} Setting property 'isInvokerEnabled' to 'true' did not find a matching property.
mag 20, 2014 2:42:30 PM org.apache.catalina.startup.HostConfig deployDirectory
Informazioni: Deploying web application directory /home/accounts/studenti/id846liu/Programmi/tomcat/webapps/sito
mag 20, 2014 2:42:30 PM org.apache.catalina.startup.SetContextPropertiesRule begin
Avvertenza: [SetContextPropertiesRule]{Context} Setting property 'isInvokerEnabled' to 'true' did not find a matching property.
mag 20, 2014 2:42:30 PM org.apache.catalina.startup.HostConfig deployDirectory
Informazioni: Deploying web application directory /home/accounts/studenti/id846liu/Programmi/tomcat/webapps/ROOT
mag 20, 2014 2:42:30 PM org.apache.catalina.startup.SetContextPropertiesRule begin
Avvertenza: [SetContextPropertiesRule]{Context} Setting property 'isInvokerEnabled' to 'true' did not find a matching property.
mag 20, 2014 2:42:31 PM org.apache.coyote.AbstractProtocol start
Informazioni: Starting ProtocolHandler ["http-bio-8080"]
mag 20, 2014 2:42:31 PM org.apache.coyote.AbstractProtocol start
Informazioni: Starting ProtocolHandler ["ajp-bio-8009"]
mag 20, 2014 2:42:31 PM org.apache.catalina.startup.Catalina start
Informazioni: Server startup in 2746 ms
mag 20, 2014 2:53:02 PM org.apache.catalina.startup.HostConfig checkResources
Informazioni: Reloading context [/sito]
mag 20, 2014 2:53:02 PM org.apache.catalina.core.StandardContext reload
Informazioni: Reloading Context with name [/sito] has started
mag 20, 2014 2:53:02 PM org.apache.catalina.loader.WebappClassLoader clearReferencesJdbc
Grave: The web application [/sito] registered the JDBC driver [org.postgresql.Driver] but failed to unregister it when the web application was stopped. To prevent a memory leak, the JDBC Driver has been forcibly unregistered.
mag 20, 2014 2:53:02 PM org.apache.catalina.core.StandardContext reload
Informazioni: Reloading Context with name [/sito] is completed
mag 20, 2014 2:59:05 PM org.apache.catalina.core.StandardContext reload
Informazioni: Reloading Context with name [/sito] has started
mag 20, 2014 2:59:06 PM org.apache.catalina.loader.WebappClassLoader clearReferencesJdbc
Grave: The web application [/sito] registered the JDBC driver [org.postgresql.Driver] but failed to unregister it when the web application was stopped. To prevent a memory leak, the JDBC Driver has been forcibly unregistered.
mag 20, 2014 2:59:06 PM org.apache.catalina.core.StandardContext reload
Informazioni: Reloading Context with name [/sito] is completed
mag 20, 2014 3:02:56 PM org.apache.catalina.core.StandardContext reload
Informazioni: Reloading Context with name [/sito] has started
mag 20, 2014 3:02:56 PM org.apache.catalina.loader.WebappClassLoader clearReferencesJdbc
Grave: The web application [/sito] registered the JDBC driver [org.postgresql.Driver] but failed to unregister it when the web application was stopped. To prevent a memory leak, the JDBC Driver has been forcibly unregistered.
mag 20, 2014 3:02:57 PM org.apache.catalina.core.StandardContext reload
Informazioni: Reloading Context with name [/sito] is completed
mag 20, 2014 3:07:17 PM org.apache.catalina.core.StandardContext reload
Informazioni: Reloading Context with name [/sito] has started
mag 20, 2014 3:07:17 PM org.apache.catalina.loader.WebappClassLoader clearReferencesJdbc
Grave: The web application [/sito] registered the JDBC driver [org.postgresql.Driver] but failed to unregister it when the web application was stopped. To prevent a memory leak, the JDBC Driver has been forcibly unregistered.
mag 20, 2014 3:07:17 PM org.apache.catalina.core.StandardContext reload
Informazioni: Reloading Context with name [/sito] is completed
mag 20, 2014 3:11:37 PM org.apache.catalina.core.StandardContext reload
Informazioni: Reloading Context with name [/sito] has started
mag 20, 2014 3:11:37 PM org.apache.catalina.core.StandardContext reload
Informazioni: Reloading Context with name [/sito] is completed
mag 20, 2014 3:19:28 PM org.apache.catalina.core.StandardContext reload
Informazioni: Reloading Context with name [/sito] has started
mag 20, 2014 3:19:28 PM org.apache.catalina.loader.WebappClassLoader clearReferencesJdbc
Grave: The web application [/sito] registered the JDBC driver [org.postgresql.Driver] but failed to unregister it when the web application was stopped. To prevent a memory leak, the JDBC Driver has been forcibly unregistered.
mag 20, 2014 3:19:28 PM org.apache.catalina.core.StandardContext reload
Informazioni: Reloading Context with name [/sito] is completed
mag 20, 2014 3:28:08 PM org.apache.catalina.core.StandardContext reload
Informazioni: Reloading Context with name [/sito] has started
mag 20, 2014 3:28:09 PM org.apache.catalina.core.StandardContext reload
Informazioni: Reloading Context with name [/sito] is completed
mag 20, 2014 3:29:49 PM org.apache.catalina.core.StandardContext reload
Informazioni: Reloading Context with name [/sito] has started
mag 20, 2014 3:29:49 PM org.apache.catalina.loader.WebappClassLoader clearReferencesJdbc
Grave: The web application [/sito] registered the JDBC driver [org.postgresql.Driver] but failed to unregister it when the web application was stopped. To prevent a memory leak, the JDBC Driver has been forcibly unregistered.
mag 20, 2014 3:29:49 PM org.apache.catalina.core.StandardContext reload
Informazioni: Reloading Context with name [/sito] is completed
mag 20, 2014 3:31:19 PM org.apache.catalina.core.StandardContext reload
Informazioni: Reloading Context with name [/sito] has started
mag 20, 2014 3:31:19 PM org.apache.catalina.loader.WebappClassLoader clearReferencesJdbc
Grave: The web application [/sito] registered the JDBC driver [org.postgresql.Driver] but failed to unregister it when the web application was stopped. To prevent a memory leak, the JDBC Driver has been forcibly unregistered.
mag 20, 2014 3:31:20 PM org.apache.catalina.core.StandardContext reload
Informazioni: Reloading Context with name [/sito] is completed
mag 20, 2014 3:33:50 PM org.apache.catalina.loader.WebappClassLoader modified
Grave:     Resource '/WEB-INF/classes/main.class' is missing
mag 20, 2014 3:33:50 PM org.apache.catalina.core.StandardContext reload
Informazioni: Reloading Context with name [/sito] has started
mag 20, 2014 3:33:50 PM org.apache.catalina.loader.WebappClassLoader clearReferencesJdbc
Grave: The web application [/sito] registered the JDBC driver [org.postgresql.Driver] but failed to unregister it when the web application was stopped. To prevent a memory leak, the JDBC Driver has been forcibly unregistered.
mag 20, 2014 3:33:50 PM org.apache.catalina.core.StandardContext reload
Informazioni: Reloading Context with name [/sito] is completed
mag 20, 2014 3:34:25 PM org.apache.catalina.core.AprLifecycleListener init
Informazioni: The APR based Apache Tomcat Native library which allows optimal performance in production environments was not found on the java.library.path: /usr/java/packages/lib/amd64:/usr/lib64:/lib64:/lib:/usr/lib
mag 20, 2014 3:34:25 PM org.apache.tomcat.util.digester.SetPropertiesRule begin
Avvertenza: [SetPropertiesRule]{Server/Service/Engine/Host} Setting property 'xmlValidation' to 'false' did not find a matching property.
mag 20, 2014 3:34:25 PM org.apache.tomcat.util.digester.SetPropertiesRule begin
Avvertenza: [SetPropertiesRule]{Server/Service/Engine/Host} Setting property 'xmlNamespaceAware' to 'false' did not find a matching property.
mag 20, 2014 3:34:25 PM org.apache.coyote.AbstractProtocol init
Informazioni: Initializing ProtocolHandler ["http-bio-8080"]
mag 20, 2014 3:34:25 PM org.apache.coyote.AbstractProtocol init
Grave: Failed to initialize end point associated with ProtocolHandler ["http-bio-8080"]
java.net.BindException: Indirizzo già in uso <null>:8080
	at org.apache.tomcat.util.net.JIoEndpoint.bind(JIoEndpoint.java:406)
	at org.apache.tomcat.util.net.AbstractEndpoint.init(AbstractEndpoint.java:610)
	at org.apache.coyote.AbstractProtocol.init(AbstractProtocol.java:429)
	at org.apache.coyote.http11.AbstractHttp11JsseProtocol.init(AbstractHttp11JsseProtocol.java:119)
	at org.apache.catalina.connector.Connector.initInternal(Connector.java:981)
	at org.apache.catalina.util.LifecycleBase.init(LifecycleBase.java:102)
	at org.apache.catalina.core.StandardService.initInternal(StandardService.java:559)
	at org.apache.catalina.util.LifecycleBase.init(LifecycleBase.java:102)
	at org.apache.catalina.core.StandardServer.initInternal(StandardServer.java:814)
	at org.apache.catalina.util.LifecycleBase.init(LifecycleBase.java:102)
	at org.apache.catalina.startup.Catalina.load(Catalina.java:633)
	at org.apache.catalina.startup.Catalina.start(Catalina.java:672)
	at sun.reflect.NativeMethodAccessorImpl.invoke0(Native Method)
	at sun.reflect.NativeMethodAccessorImpl.invoke(NativeMethodAccessorImpl.java:57)
	at sun.reflect.DelegatingMethodAccessorImpl.invoke(DelegatingMethodAccessorImpl.java:43)
	at java.lang.reflect.Method.invoke(Method.java:606)
	at org.apache.catalina.startup.Bootstrap.start(Bootstrap.java:322)
	at org.apache.catalina.startup.Bootstrap.main(Bootstrap.java:451)
Caused by: java.net.BindException: Indirizzo già in uso
	at java.net.PlainSocketImpl.socketBind(Native Method)
	at java.net.AbstractPlainSocketImpl.bind(AbstractPlainSocketImpl.java:376)
	at java.net.ServerSocket.bind(ServerSocket.java:376)
	at java.net.ServerSocket.<init>(ServerSocket.java:237)
	at java.net.ServerSocket.<init>(ServerSocket.java:181)
	at org.apache.tomcat.util.net.DefaultServerSocketFactory.createSocket(DefaultServerSocketFactory.java:49)
	at org.apache.tomcat.util.net.JIoEndpoint.bind(JIoEndpoint.java:393)
	... 17 more

mag 20, 2014 3:34:25 PM org.apache.catalina.core.StandardService initInternal
Grave: Failed to initialize connector [Connector[HTTP/1.1-8080]]
org.apache.catalina.LifecycleException: Failed to initialize component [Connector[HTTP/1.1-8080]]
	at org.apache.catalina.util.LifecycleBase.init(LifecycleBase.java:106)
	at org.apache.catalina.core.StandardService.initInternal(StandardService.java:559)
	at org.apache.catalina.util.LifecycleBase.init(LifecycleBase.java:102)
	at org.apache.catalina.core.StandardServer.initInternal(StandardServer.java:814)
	at org.apache.catalina.util.LifecycleBase.init(LifecycleBase.java:102)
	at org.apache.catalina.startup.Catalina.load(Catalina.java:633)
	at org.apache.catalina.startup.Catalina.start(Catalina.java:672)
	at sun.reflect.NativeMethodAccessorImpl.invoke0(Native Method)
	at sun.reflect.NativeMethodAccessorImpl.invoke(NativeMethodAccessorImpl.java:57)
	at sun.reflect.DelegatingMethodAccessorImpl.invoke(DelegatingMethodAccessorImpl.java:43)
	at java.lang.reflect.Method.invoke(Method.java:606)
	at org.apache.catalina.startup.Bootstrap.start(Bootstrap.java:322)
	at org.apache.catalina.startup.Bootstrap.main(Bootstrap.java:451)
Caused by: org.apache.catalina.LifecycleException: Protocol handler initialization failed
	at org.apache.catalina.connector.Connector.initInternal(Connector.java:983)
	at org.apache.catalina.util.LifecycleBase.init(LifecycleBase.java:102)
	... 12 more
Caused by: java.net.BindException: Indirizzo già in uso <null>:8080
	at org.apache.tomcat.util.net.JIoEndpoint.bind(JIoEndpoint.java:406)
	at org.apache.tomcat.util.net.AbstractEndpoint.init(AbstractEndpoint.java:610)
	at org.apache.coyote.AbstractProtocol.init(AbstractProtocol.java:429)
	at org.apache.coyote.http11.AbstractHttp11JsseProtocol.init(AbstractHttp11JsseProtocol.java:119)
	at org.apache.catalina.connector.Connector.initInternal(Connector.java:981)
	... 13 more
Caused by: java.net.BindException: Indirizzo già in uso
	at java.net.PlainSocketImpl.socketBind(Native Method)
	at java.net.AbstractPlainSocketImpl.bind(AbstractPlainSocketImpl.java:376)
	at java.net.ServerSocket.bind(ServerSocket.java:376)
	at java.net.ServerSocket.<init>(ServerSocket.java:237)
	at java.net.ServerSocket.<init>(ServerSocket.java:181)
	at org.apache.tomcat.util.net.DefaultServerSocketFactory.createSocket(DefaultServerSocketFactory.java:49)
	at org.apache.tomcat.util.net.JIoEndpoint.bind(JIoEndpoint.java:393)
	... 17 more

mag 20, 2014 3:34:25 PM org.apache.coyote.AbstractProtocol init
Informazioni: Initializing ProtocolHandler ["ajp-bio-8009"]
mag 20, 2014 3:34:25 PM org.apache.coyote.AbstractProtocol init
Grave: Failed to initialize end point associated with ProtocolHandler ["ajp-bio-8009"]
java.net.BindException: Indirizzo già in uso <null>:8009
	at org.apache.tomcat.util.net.JIoEndpoint.bind(JIoEndpoint.java:406)
	at org.apache.tomcat.util.net.AbstractEndpoint.init(AbstractEndpoint.java:610)
	at org.apache.coyote.AbstractProtocol.init(AbstractProtocol.java:429)
	at org.apache.catalina.connector.Connector.initInternal(Connector.java:981)
	at org.apache.catalina.util.LifecycleBase.init(LifecycleBase.java:102)
	at org.apache.catalina.core.StandardService.initInternal(StandardService.java:559)
	at org.apache.catalina.util.LifecycleBase.init(LifecycleBase.java:102)
	at org.apache.catalina.core.StandardServer.initInternal(StandardServer.java:814)
	at org.apache.catalina.util.LifecycleBase.init(LifecycleBase.java:102)
	at org.apache.catalina.startup.Catalina.load(Catalina.java:633)
	at org.apache.catalina.startup.Catalina.start(Catalina.java:672)
	at sun.reflect.NativeMethodAccessorImpl.invoke0(Native Method)
	at sun.reflect.NativeMethodAccessorImpl.invoke(NativeMethodAccessorImpl.java:57)
	at sun.reflect.DelegatingMethodAccessorImpl.invoke(DelegatingMethodAccessorImpl.java:43)
	at java.lang.reflect.Method.invoke(Method.java:606)
	at org.apache.catalina.startup.Bootstrap.start(Bootstrap.java:322)
	at org.apache.catalina.startup.Bootstrap.main(Bootstrap.java:451)
Caused by: java.net.BindException: Indirizzo già in uso
	at java.net.PlainSocketImpl.socketBind(Native Method)
	at java.net.AbstractPlainSocketImpl.bind(AbstractPlainSocketImpl.java:376)
	at java.net.ServerSocket.bind(ServerSocket.java:376)
	at java.net.ServerSocket.<init>(ServerSocket.java:237)
	at java.net.ServerSocket.<init>(ServerSocket.java:181)
	at org.apache.tomcat.util.net.DefaultServerSocketFactory.createSocket(DefaultServerSocketFactory.java:49)
	at org.apache.tomcat.util.net.JIoEndpoint.bind(JIoEndpoint.java:393)
	... 16 more

mag 20, 2014 3:34:25 PM org.apache.catalina.core.StandardService initInternal
Grave: Failed to initialize connector [Connector[AJP/1.3-8009]]
org.apache.catalina.LifecycleException: Failed to initialize component [Connector[AJP/1.3-8009]]
	at org.apache.catalina.util.LifecycleBase.init(LifecycleBase.java:106)
	at org.apache.catalina.core.StandardService.initInternal(StandardService.java:559)
	at org.apache.catalina.util.LifecycleBase.init(LifecycleBase.java:102)
	at org.apache.catalina.core.StandardServer.initInternal(StandardServer.java:814)
	at org.apache.catalina.util.LifecycleBase.init(LifecycleBase.java:102)
	at org.apache.catalina.startup.Catalina.load(Catalina.java:633)
	at org.apache.catalina.startup.Catalina.start(Catalina.java:672)
	at sun.reflect.NativeMethodAccessorImpl.invoke0(Native Method)
	at sun.reflect.NativeMethodAccessorImpl.invoke(NativeMethodAccessorImpl.java:57)
	at sun.reflect.DelegatingMethodAccessorImpl.invoke(DelegatingMethodAccessorImpl.java:43)
	at java.lang.reflect.Method.invoke(Method.java:606)
	at org.apache.catalina.startup.Bootstrap.start(Bootstrap.java:322)
	at org.apache.catalina.startup.Bootstrap.main(Bootstrap.java:451)
Caused by: org.apache.catalina.LifecycleException: Protocol handler initialization failed
	at org.apache.catalina.connector.Connector.initInternal(Connector.java:983)
	at org.apache.catalina.util.LifecycleBase.init(LifecycleBase.java:102)
	... 12 more
Caused by: java.net.BindException: Indirizzo già in uso <null>:8009
	at org.apache.tomcat.util.net.JIoEndpoint.bind(JIoEndpoint.java:406)
	at org.apache.tomcat.util.net.AbstractEndpoint.init(AbstractEndpoint.java:610)
	at org.apache.coyote.AbstractProtocol.init(AbstractProtocol.java:429)
	at org.apache.catalina.connector.Connector.initInternal(Connector.java:981)
	... 13 more
Caused by: java.net.BindException: Indirizzo già in uso
	at java.net.PlainSocketImpl.socketBind(Native Method)
	at java.net.AbstractPlainSocketImpl.bind(AbstractPlainSocketImpl.java:376)
	at java.net.ServerSocket.bind(ServerSocket.java:376)
	at java.net.ServerSocket.<init>(ServerSocket.java:237)
	at java.net.ServerSocket.<init>(ServerSocket.java:181)
	at org.apache.tomcat.util.net.DefaultServerSocketFactory.createSocket(DefaultServerSocketFactory.java:49)
	at org.apache.tomcat.util.net.JIoEndpoint.bind(JIoEndpoint.java:393)
	... 16 more

mag 20, 2014 3:34:25 PM org.apache.catalina.startup.Catalina load
Informazioni: Initialization processed in 637 ms
mag 20, 2014 3:34:26 PM org.apache.catalina.core.StandardService startInternal
Informazioni: Starting service Catalina
mag 20, 2014 3:34:26 PM org.apache.catalina.core.StandardEngine startInternal
Informazioni: Starting Servlet Engine: Apache Tomcat/7.0.30
mag 20, 2014 3:34:26 PM org.apache.catalina.startup.HostConfig deployDirectory
Informazioni: Deploying web application directory /home/accounts/studenti/id846liu/Programmi/tomcat/webapps/CorsoStudi
mag 20, 2014 3:34:26 PM org.apache.catalina.startup.SetContextPropertiesRule begin
Avvertenza: [SetContextPropertiesRule]{Context} Setting property 'isInvokerEnabled' to 'true' did not find a matching property.
mag 20, 2014 3:34:27 PM org.apache.catalina.startup.HostConfig deployDirectory
Informazioni: Deploying web application directory /home/accounts/studenti/id846liu/Programmi/tomcat/webapps/sito
mag 20, 2014 3:34:27 PM org.apache.catalina.startup.SetContextPropertiesRule begin
Avvertenza: [SetContextPropertiesRule]{Context} Setting property 'isInvokerEnabled' to 'true' did not find a matching property.
mag 20, 2014 3:34:28 PM org.apache.catalina.startup.HostConfig deployDirectory
Informazioni: Deploying web application directory /home/accounts/studenti/id846liu/Programmi/tomcat/webapps/ROOT
mag 20, 2014 3:34:28 PM org.apache.catalina.startup.SetContextPropertiesRule begin
Avvertenza: [SetContextPropertiesRule]{Context} Setting property 'isInvokerEnabled' to 'true' did not find a matching property.
mag 20, 2014 3:34:28 PM org.apache.catalina.startup.Catalina start
Informazioni: Server startup in 2861 ms
mag 20, 2014 3:34:28 PM org.apache.catalina.core.StandardServer await
Grave: StandardServer.await: create[localhost:8005]: 
java.net.BindException: Indirizzo già in uso
	at java.net.PlainSocketImpl.socketBind(Native Method)
	at java.net.AbstractPlainSocketImpl.bind(AbstractPlainSocketImpl.java:376)
	at java.net.ServerSocket.bind(ServerSocket.java:376)
	at java.net.ServerSocket.<init>(ServerSocket.java:237)
	at org.apache.catalina.core.StandardServer.await(StandardServer.java:427)
	at org.apache.catalina.startup.Catalina.await(Catalina.java:766)
	at org.apache.catalina.startup.Catalina.start(Catalina.java:712)
	at sun.reflect.NativeMethodAccessorImpl.invoke0(Native Method)
	at sun.reflect.NativeMethodAccessorImpl.invoke(NativeMethodAccessorImpl.java:57)
	at sun.reflect.DelegatingMethodAccessorImpl.invoke(DelegatingMethodAccessorImpl.java:43)
	at java.lang.reflect.Method.invoke(Method.java:606)
	at org.apache.catalina.startup.Bootstrap.start(Bootstrap.java:322)
	at org.apache.catalina.startup.Bootstrap.main(Bootstrap.java:451)

mag 20, 2014 3:34:28 PM org.apache.coyote.AbstractProtocol pause
Informazioni: Pausing ProtocolHandler ["http-bio-8080"]
mag 20, 2014 3:34:28 PM org.apache.coyote.AbstractProtocol pause
Informazioni: Pausing ProtocolHandler ["ajp-bio-8009"]
mag 20, 2014 3:34:28 PM org.apache.catalina.core.StandardService stopInternal
Informazioni: Stopping service Catalina
mag 20, 2014 3:34:28 PM org.apache.catalina.loader.WebappClassLoader clearReferencesJdbc
Grave: The web application [] registered the JDBC driver [org.postgresql.Driver] but failed to unregister it when the web application was stopped. To prevent a memory leak, the JDBC Driver has been forcibly unregistered.
mag 20, 2014 3:34:28 PM org.apache.coyote.AbstractProtocol stop
Informazioni: Stopping ProtocolHandler ["http-bio-8080"]
mag 20, 2014 3:34:28 PM org.apache.coyote.AbstractProtocol destroy
Informazioni: Destroying ProtocolHandler ["http-bio-8080"]
mag 20, 2014 3:34:28 PM org.apache.coyote.AbstractProtocol stop
Informazioni: Stopping ProtocolHandler ["ajp-bio-8009"]
mag 20, 2014 3:34:28 PM org.apache.coyote.AbstractProtocol destroy
Informazioni: Destroying ProtocolHandler ["ajp-bio-8009"]
mag 20, 2014 3:34:51 PM org.apache.catalina.core.StandardServer await
Informazioni: A valid shutdown command was received via the shutdown port. Stopping the Server instance.
mag 20, 2014 3:34:51 PM org.apache.coyote.AbstractProtocol pause
Informazioni: Pausing ProtocolHandler ["http-bio-8080"]
mag 20, 2014 3:34:51 PM org.apache.coyote.AbstractProtocol pause
Informazioni: Pausing ProtocolHandler ["ajp-bio-8009"]
mag 20, 2014 3:34:51 PM org.apache.catalina.core.StandardService stopInternal
Informazioni: Stopping service Catalina
mag 20, 2014 3:34:51 PM org.apache.coyote.AbstractProtocol stop
Informazioni: Stopping ProtocolHandler ["http-bio-8080"]
mag 20, 2014 3:35:01 PM org.apache.catalina.core.AprLifecycleListener init
Informazioni: The APR based Apache Tomcat Native library which allows optimal performance in production environments was not found on the java.library.path: /usr/java/packages/lib/amd64:/usr/lib64:/lib64:/lib:/usr/lib
mag 20, 2014 3:35:02 PM org.apache.tomcat.util.digester.SetPropertiesRule begin
Avvertenza: [SetPropertiesRule]{Server/Service/Engine/Host} Setting property 'xmlValidation' to 'false' did not find a matching property.
mag 20, 2014 3:35:02 PM org.apache.tomcat.util.digester.SetPropertiesRule begin
Avvertenza: [SetPropertiesRule]{Server/Service/Engine/Host} Setting property 'xmlNamespaceAware' to 'false' did not find a matching property.
mag 20, 2014 3:35:02 PM org.apache.coyote.AbstractProtocol init
Informazioni: Initializing ProtocolHandler ["http-bio-8080"]
mag 20, 2014 3:35:02 PM org.apache.coyote.AbstractProtocol init
Informazioni: Initializing ProtocolHandler ["ajp-bio-8009"]
mag 20, 2014 3:35:02 PM org.apache.catalina.startup.Catalina load
Informazioni: Initialization processed in 683 ms
mag 20, 2014 3:35:02 PM org.apache.catalina.core.StandardService startInternal
Informazioni: Starting service Catalina
mag 20, 2014 3:35:02 PM org.apache.catalina.core.StandardEngine startInternal
Informazioni: Starting Servlet Engine: Apache Tomcat/7.0.30
mag 20, 2014 3:35:02 PM org.apache.catalina.startup.HostConfig deployDirectory
Informazioni: Deploying web application directory /home/accounts/studenti/id846liu/Programmi/tomcat/webapps/CorsoStudi
mag 20, 2014 3:35:02 PM org.apache.catalina.startup.SetContextPropertiesRule begin
Avvertenza: [SetContextPropertiesRule]{Context} Setting property 'isInvokerEnabled' to 'true' did not find a matching property.
mag 20, 2014 3:35:03 PM org.apache.catalina.startup.HostConfig deployDirectory
Informazioni: Deploying web application directory /home/accounts/studenti/id846liu/Programmi/tomcat/webapps/sito
mag 20, 2014 3:35:03 PM org.apache.catalina.startup.SetContextPropertiesRule begin
Avvertenza: [SetContextPropertiesRule]{Context} Setting property 'isInvokerEnabled' to 'true' did not find a matching property.
mag 20, 2014 3:35:04 PM org.apache.catalina.startup.HostConfig deployDirectory
Informazioni: Deploying web application directory /home/accounts/studenti/id846liu/Programmi/tomcat/webapps/ROOT
mag 20, 2014 3:35:04 PM org.apache.catalina.startup.SetContextPropertiesRule begin
Avvertenza: [SetContextPropertiesRule]{Context} Setting property 'isInvokerEnabled' to 'true' did not find a matching property.
mag 20, 2014 3:35:05 PM org.apache.coyote.AbstractProtocol start
Informazioni: Starting ProtocolHandler ["http-bio-8080"]
mag 20, 2014 3:35:05 PM org.apache.coyote.AbstractProtocol start
Informazioni: Starting ProtocolHandler ["ajp-bio-8009"]
mag 20, 2014 3:35:05 PM org.apache.catalina.startup.Catalina start
Informazioni: Server startup in 2901 ms
mag 20, 2014 3:38:45 PM org.apache.catalina.loader.WebappClassLoader modified
Grave:     Resource '/WEB-INF/classes/main.class' is missing
mag 20, 2014 3:38:45 PM org.apache.catalina.core.StandardContext reload
Informazioni: Reloading Context with name [/sito] has started
mag 20, 2014 3:38:45 PM org.apache.catalina.loader.WebappClassLoader clearReferencesJdbc
Grave: The web application [/sito] registered the JDBC driver [org.postgresql.Driver] but failed to unregister it when the web application was stopped. To prevent a memory leak, the JDBC Driver has been forcibly unregistered.
mag 20, 2014 3:38:45 PM org.apache.catalina.core.StandardContext reload
Informazioni: Reloading Context with name [/sito] is completed
mag 20, 2014 3:41:26 PM org.apache.catalina.core.StandardContext reload
Informazioni: Reloading Context with name [/sito] has started
mag 20, 2014 3:41:26 PM org.apache.catalina.loader.WebappClassLoader clearReferencesJdbc
Grave: The web application [/sito] registered the JDBC driver [org.postgresql.Driver] but failed to unregister it when the web application was stopped. To prevent a memory leak, the JDBC Driver has been forcibly unregistered.
mag 20, 2014 3:41:26 PM org.apache.catalina.core.StandardContext reload
Informazioni: Reloading Context with name [/sito] is completed
mag 20, 2014 3:47:27 PM org.apache.catalina.core.StandardContext reload
Informazioni: Reloading Context with name [/sito] has started
mag 20, 2014 3:47:27 PM org.apache.catalina.loader.WebappClassLoader clearReferencesJdbc
Grave: The web application [/sito] registered the JDBC driver [org.postgresql.Driver] but failed to unregister it when the web application was stopped. To prevent a memory leak, the JDBC Driver has been forcibly unregistered.
mag 20, 2014 3:47:28 PM org.apache.catalina.core.StandardContext reload
Informazioni: Reloading Context with name [/sito] is completed
mag 20, 2014 3:48:18 PM org.apache.catalina.core.StandardContext reload
Informazioni: Reloading Context with name [/sito] has started
mag 20, 2014 3:48:18 PM org.apache.catalina.loader.WebappClassLoader clearReferencesJdbc
Grave: The web application [/sito] registered the JDBC driver [org.postgresql.Driver] but failed to unregister it when the web application was stopped. To prevent a memory leak, the JDBC Driver has been forcibly unregistered.
mag 20, 2014 3:48:18 PM org.apache.catalina.core.StandardContext reload
Informazioni: Reloading Context with name [/sito] is completed
mag 20, 2014 5:31:13 PM org.apache.catalina.core.StandardContext reload
Informazioni: Reloading Context with name [/sito] has started
mag 20, 2014 5:31:13 PM org.apache.catalina.loader.WebappClassLoader clearReferencesJdbc
Grave: The web application [/sito] registered the JDBC driver [org.postgresql.Driver] but failed to unregister it when the web application was stopped. To prevent a memory leak, the JDBC Driver has been forcibly unregistered.
mag 20, 2014 5:31:13 PM org.apache.catalina.core.StandardContext reload
Informazioni: Reloading Context with name [/sito] is completed
mag 20, 2014 5:31:43 PM org.apache.catalina.core.StandardContext reload
Informazioni: Reloading Context with name [/sito] has started
mag 20, 2014 5:31:43 PM org.apache.catalina.loader.WebappClassLoader clearReferencesJdbc
Grave: The web application [/sito] registered the JDBC driver [org.postgresql.Driver] but failed to unregister it when the web application was stopped. To prevent a memory leak, the JDBC Driver has been forcibly unregistered.
mag 20, 2014 5:31:44 PM org.apache.catalina.core.StandardContext reload
Informazioni: Reloading Context with name [/sito] is completed
mag 20, 2014 5:31:54 PM org.apache.catalina.core.StandardContext reload
Informazioni: Reloading Context with name [/sito] has started
mag 20, 2014 5:31:54 PM org.apache.catalina.core.StandardContext reload
Informazioni: Reloading Context with name [/sito] is completed
mag 20, 2014 5:32:04 PM org.apache.catalina.loader.WebappClassLoader modified
Grave:     Resource '/WEB-INF/classes/main.class' is missing
mag 20, 2014 5:32:04 PM org.apache.catalina.core.StandardContext reload
Informazioni: Reloading Context with name [/sito] has started
mag 20, 2014 5:32:04 PM org.apache.catalina.core.StandardContext reload
Informazioni: Reloading Context with name [/sito] is completed
mag 20, 2014 5:40:05 PM org.apache.catalina.core.StandardContext reload
Informazioni: Reloading Context with name [/sito] has started
mag 20, 2014 5:40:05 PM org.apache.catalina.loader.WebappClassLoader clearReferencesJdbc
Grave: The web application [/sito] registered the JDBC driver [org.postgresql.Driver] but failed to unregister it when the web application was stopped. To prevent a memory leak, the JDBC Driver has been forcibly unregistered.
mag 20, 2014 5:40:05 PM org.apache.catalina.core.StandardContext reload
Informazioni: Reloading Context with name [/sito] is completed
mag 20, 2014 5:42:15 PM org.apache.catalina.core.StandardContext reload
Informazioni: Reloading Context with name [/sito] has started
mag 20, 2014 5:42:15 PM org.apache.catalina.loader.WebappClassLoader clearReferencesJdbc
Grave: The web application [/sito] registered the JDBC driver [org.postgresql.Driver] but failed to unregister it when the web application was stopped. To prevent a memory leak, the JDBC Driver has been forcibly unregistered.
mag 20, 2014 5:42:15 PM org.apache.catalina.core.StandardContext reload
Informazioni: Reloading Context with name [/sito] is completed
mag 20, 2014 5:45:45 PM org.apache.catalina.core.StandardContext reload
Informazioni: Reloading Context with name [/sito] has started
mag 20, 2014 5:45:45 PM org.apache.catalina.loader.WebappClassLoader clearReferencesJdbc
Grave: The web application [/sito] registered the JDBC driver [org.postgresql.Driver] but failed to unregister it when the web application was stopped. To prevent a memory leak, the JDBC Driver has been forcibly unregistered.
mag 20, 2014 5:45:46 PM org.apache.catalina.core.StandardContext reload
Informazioni: Reloading Context with name [/sito] is completed
mag 20, 2014 5:47:46 PM org.apache.catalina.core.StandardContext reload
Informazioni: Reloading Context with name [/sito] has started
mag 20, 2014 5:47:46 PM org.apache.catalina.loader.WebappClassLoader clearReferencesJdbc
Grave: The web application [/sito] registered the JDBC driver [org.postgresql.Driver] but failed to unregister it when the web application was stopped. To prevent a memory leak, the JDBC Driver has been forcibly unregistered.
mag 20, 2014 5:47:46 PM org.apache.catalina.core.StandardContext reload
Informazioni: Reloading Context with name [/sito] is completed
mag 20, 2014 5:48:56 PM org.apache.catalina.core.StandardContext reload
Informazioni: Reloading Context with name [/sito] has started
mag 20, 2014 5:48:56 PM org.apache.catalina.loader.WebappClassLoader clearReferencesJdbc
Grave: The web application [/sito] registered the JDBC driver [org.postgresql.Driver] but failed to unregister it when the web application was stopped. To prevent a memory leak, the JDBC Driver has been forcibly unregistered.
mag 20, 2014 5:48:56 PM org.apache.catalina.core.StandardContext reload
Informazioni: Reloading Context with name [/sito] is completed
mag 20, 2014 5:49:46 PM org.apache.catalina.core.StandardContext reload
Informazioni: Reloading Context with name [/sito] has started
mag 20, 2014 5:49:46 PM org.apache.catalina.loader.WebappClassLoader clearReferencesJdbc
Grave: The web application [/sito] registered the JDBC driver [org.postgresql.Driver] but failed to unregister it when the web application was stopped. To prevent a memory leak, the JDBC Driver has been forcibly unregistered.
mag 20, 2014 5:49:47 PM org.apache.catalina.core.StandardContext reload
Informazioni: Reloading Context with name [/sito] is completed
mag 20, 2014 6:13:08 PM org.apache.catalina.core.StandardContext reload
Informazioni: Reloading Context with name [/sito] has started
mag 20, 2014 6:13:08 PM org.apache.catalina.loader.WebappClassLoader clearReferencesJdbc
Grave: The web application [/sito] registered the JDBC driver [org.postgresql.Driver] but failed to unregister it when the web application was stopped. To prevent a memory leak, the JDBC Driver has been forcibly unregistered.
mag 20, 2014 6:13:08 PM org.apache.catalina.core.StandardContext reload
Informazioni: Reloading Context with name [/sito] is completed
mag 20, 2014 6:14:48 PM org.apache.catalina.core.StandardContext reload
Informazioni: Reloading Context with name [/sito] has started
mag 20, 2014 6:14:48 PM org.apache.catalina.loader.WebappClassLoader clearReferencesJdbc
Grave: The web application [/sito] registered the JDBC driver [org.postgresql.Driver] but failed to unregister it when the web application was stopped. To prevent a memory leak, the JDBC Driver has been forcibly unregistered.
mag 20, 2014 6:14:48 PM org.apache.catalina.core.StandardContext reload
Informazioni: Reloading Context with name [/sito] is completed
mag 20, 2014 6:15:08 PM org.apache.catalina.core.StandardContext reload
Informazioni: Reloading Context with name [/sito] has started
mag 20, 2014 6:15:08 PM org.apache.catalina.loader.WebappClassLoader clearReferencesJdbc
Grave: The web application [/sito] registered the JDBC driver [org.postgresql.Driver] but failed to unregister it when the web application was stopped. To prevent a memory leak, the JDBC Driver has been forcibly unregistered.
mag 20, 2014 6:15:09 PM org.apache.catalina.core.StandardContext reload
Informazioni: Reloading Context with name [/sito] is completed
mag 20, 2014 6:18:19 PM org.apache.catalina.core.StandardContext reload
Informazioni: Reloading Context with name [/sito] has started
mag 20, 2014 6:18:19 PM org.apache.catalina.loader.WebappClassLoader clearReferencesJdbc
Grave: The web application [/sito] registered the JDBC driver [org.postgresql.Driver] but failed to unregister it when the web application was stopped. To prevent a memory leak, the JDBC Driver has been forcibly unregistered.
mag 20, 2014 6:18:19 PM org.apache.catalina.core.StandardContext reload
Informazioni: Reloading Context with name [/sito] is completed
mag 20, 2014 6:30:40 PM org.apache.catalina.core.StandardContext reload
Informazioni: Reloading Context with name [/sito] has started
mag 20, 2014 6:30:40 PM org.apache.catalina.loader.WebappClassLoader clearReferencesJdbc
Grave: The web application [/sito] registered the JDBC driver [org.postgresql.Driver] but failed to unregister it when the web application was stopped. To prevent a memory leak, the JDBC Driver has been forcibly unregistered.
mag 20, 2014 6:30:40 PM org.apache.catalina.core.StandardContext reload
Informazioni: Reloading Context with name [/sito] is completed
mag 20, 2014 6:37:40 PM org.apache.catalina.core.StandardContext reload
Informazioni: Reloading Context with name [/sito] has started
mag 20, 2014 6:37:40 PM org.apache.catalina.loader.WebappClassLoader clearReferencesJdbc
Grave: The web application [/sito] registered the JDBC driver [org.postgresql.Driver] but failed to unregister it when the web application was stopped. To prevent a memory leak, the JDBC Driver has been forcibly unregistered.
mag 20, 2014 6:37:41 PM org.apache.catalina.core.StandardContext reload
Informazioni: Reloading Context with name [/sito] is completed
mag 20, 2014 6:38:01 PM org.apache.catalina.core.StandardContext reload
Informazioni: Reloading Context with name [/sito] has started
mag 20, 2014 6:38:01 PM org.apache.catalina.loader.WebappClassLoader clearReferencesJdbc
Grave: The web application [/sito] registered the JDBC driver [org.postgresql.Driver] but failed to unregister it when the web application was stopped. To prevent a memory leak, the JDBC Driver has been forcibly unregistered.
mag 20, 2014 6:38:01 PM org.apache.catalina.core.StandardContext reload
Informazioni: Reloading Context with name [/sito] is completed
mag 20, 2014 6:39:51 PM org.apache.catalina.core.StandardContext reload
Informazioni: Reloading Context with name [/sito] has started
mag 20, 2014 6:39:51 PM org.apache.catalina.loader.WebappClassLoader clearReferencesJdbc
Grave: The web application [/sito] registered the JDBC driver [org.postgresql.Driver] but failed to unregister it when the web application was stopped. To prevent a memory leak, the JDBC Driver has been forcibly unregistered.
mag 20, 2014 6:39:51 PM org.apache.catalina.core.StandardContext reload
Informazioni: Reloading Context with name [/sito] is completed
mag 20, 2014 6:54:44 PM org.apache.coyote.AbstractProtocol pause
Informazioni: Pausing ProtocolHandler ["http-bio-8080"]
mag 20, 2014 6:54:44 PM org.apache.coyote.AbstractProtocol pause
Informazioni: Pausing ProtocolHandler ["ajp-bio-8009"]
mag 20, 2014 6:54:44 PM org.apache.catalina.core.StandardService stopInternal
Informazioni: Stopping service Catalina
mag 20, 2014 6:54:44 PM org.apache.catalina.loader.WebappClassLoader clearReferencesJdbc
Grave: The web application [/sito] registered the JDBC driver [org.postgresql.Driver] but failed to unregister it when the web application was stopped. To prevent a memory leak, the JDBC Driver has been forcibly unregistered.
mag 20, 2014 6:54:44 PM org.apache.coyote.AbstractProtocol stop
Informazioni: Stopping ProtocolHandler ["http-bio-8080"]
mag 20, 2014 6:54:44 PM org.apache.coyote.AbstractProtocol stop
Informazioni: Stopping ProtocolHandler ["ajp-bio-8009"]
mag 20, 2014 6:54:45 PM org.apache.coyote.AbstractProtocol destroy
Informazioni: Destroying ProtocolHandler ["http-bio-8080"]
mag 20, 2014 6:54:45 PM org.apache.coyote.AbstractProtocol destroy
Informazioni: Destroying ProtocolHandler ["ajp-bio-8009"]
