apr 30, 2014 10:04:09 AM org.apache.catalina.core.AprLifecycleListener init
Informazioni: The APR based Apache Tomcat Native library which allows optimal performance in production environments was not found on the java.library.path: /usr/java/packages/lib/amd64:/usr/lib64:/lib64:/lib:/usr/lib
apr 30, 2014 10:04:09 AM org.apache.tomcat.util.digester.SetPropertiesRule begin
Avvertenza: [SetPropertiesRule]{Server/Service/Engine/Host} Setting property 'xmlValidation' to 'false' did not find a matching property.
apr 30, 2014 10:04:09 AM org.apache.tomcat.util.digester.SetPropertiesRule begin
Avvertenza: [SetPropertiesRule]{Server/Service/Engine/Host} Setting property 'xmlNamespaceAware' to 'false' did not find a matching property.
apr 30, 2014 10:04:10 AM org.apache.coyote.AbstractProtocol init
Informazioni: Initializing ProtocolHandler ["http-bio-8080"]
apr 30, 2014 10:04:10 AM org.apache.coyote.AbstractProtocol init
Informazioni: Initializing ProtocolHandler ["ajp-bio-8009"]
apr 30, 2014 10:04:10 AM org.apache.catalina.startup.Catalina load
Informazioni: Initialization processed in 1786 ms
apr 30, 2014 10:04:10 AM org.apache.catalina.core.StandardService startInternal
Informazioni: Starting service Catalina
apr 30, 2014 10:04:10 AM org.apache.catalina.core.StandardEngine startInternal
Informazioni: Starting Servlet Engine: Apache Tomcat/7.0.30
apr 30, 2014 10:04:10 AM org.apache.catalina.startup.HostConfig deployDirectory
Informazioni: Deploying web application directory /home/accounts/studenti/id846liu/Programmi/tomcat/webapps/CorsoStudi
apr 30, 2014 10:04:10 AM org.apache.catalina.startup.SetContextPropertiesRule begin
Avvertenza: [SetContextPropertiesRule]{Context} Setting property 'isInvokerEnabled' to 'true' did not find a matching property.
apr 30, 2014 10:04:12 AM org.apache.catalina.startup.HostConfig deployDirectory
Informazioni: Deploying web application directory /home/accounts/studenti/id846liu/Programmi/tomcat/webapps/ROOT
apr 30, 2014 10:04:12 AM org.apache.catalina.startup.SetContextPropertiesRule begin
Avvertenza: [SetContextPropertiesRule]{Context} Setting property 'isInvokerEnabled' to 'true' did not find a matching property.
apr 30, 2014 10:04:13 AM org.apache.coyote.AbstractProtocol start
Informazioni: Starting ProtocolHandler ["http-bio-8080"]
apr 30, 2014 10:04:13 AM org.apache.coyote.AbstractProtocol start
Informazioni: Starting ProtocolHandler ["ajp-bio-8009"]
apr 30, 2014 10:04:13 AM org.apache.catalina.startup.Catalina start
Informazioni: Server startup in 3078 ms
apr 30, 2014 11:12:15 AM org.apache.catalina.core.StandardContext reload
Informazioni: Reloading Context with name [/CorsoStudi] has started
apr 30, 2014 11:12:15 AM org.apache.catalina.loader.WebappClassLoader clearReferencesJdbc
Grave: The web application [/CorsoStudi] registered the JDBC driver [org.postgresql.Driver] but failed to unregister it when the web application was stopped. To prevent a memory leak, the JDBC Driver has been forcibly unregistered.
apr 30, 2014 11:12:16 AM org.apache.catalina.core.StandardContext reload
Informazioni: Reloading Context with name [/CorsoStudi] is completed
apr 30, 2014 11:27:06 AM org.apache.catalina.core.StandardContext reload
Informazioni: Reloading Context with name [/CorsoStudi] has started
apr 30, 2014 11:27:06 AM org.apache.catalina.loader.WebappClassLoader clearReferencesJdbc
Grave: The web application [/CorsoStudi] registered the JDBC driver [org.postgresql.Driver] but failed to unregister it when the web application was stopped. To prevent a memory leak, the JDBC Driver has been forcibly unregistered.
apr 30, 2014 11:27:07 AM org.apache.catalina.core.StandardContext reload
Informazioni: Reloading Context with name [/CorsoStudi] is completed
apr 30, 2014 12:08:59 PM org.apache.catalina.core.StandardContext reload
Informazioni: Reloading Context with name [/CorsoStudi] has started
apr 30, 2014 12:08:59 PM org.apache.catalina.loader.WebappClassLoader clearReferencesJdbc
Grave: The web application [/CorsoStudi] registered the JDBC driver [org.postgresql.Driver] but failed to unregister it when the web application was stopped. To prevent a memory leak, the JDBC Driver has been forcibly unregistered.
apr 30, 2014 12:08:59 PM org.apache.catalina.core.StandardContext reload
Informazioni: Reloading Context with name [/CorsoStudi] is completed
apr 30, 2014 12:21:00 PM org.apache.catalina.core.StandardContext reload
Informazioni: Reloading Context with name [/CorsoStudi] has started
apr 30, 2014 12:21:00 PM org.apache.catalina.loader.WebappClassLoader clearReferencesJdbc
Grave: The web application [/CorsoStudi] registered the JDBC driver [org.postgresql.Driver] but failed to unregister it when the web application was stopped. To prevent a memory leak, the JDBC Driver has been forcibly unregistered.
apr 30, 2014 12:21:00 PM org.apache.catalina.core.StandardContext reload
Informazioni: Reloading Context with name [/CorsoStudi] is completed
apr 30, 2014 12:22:30 PM org.apache.catalina.core.StandardContext reload
Informazioni: Reloading Context with name [/CorsoStudi] has started
apr 30, 2014 12:22:30 PM org.apache.catalina.loader.WebappClassLoader clearReferencesJdbc
Grave: The web application [/CorsoStudi] registered the JDBC driver [org.postgresql.Driver] but failed to unregister it when the web application was stopped. To prevent a memory leak, the JDBC Driver has been forcibly unregistered.
apr 30, 2014 12:22:31 PM org.apache.catalina.core.StandardContext reload
Informazioni: Reloading Context with name [/CorsoStudi] is completed
apr 30, 2014 12:24:16 PM org.apache.coyote.AbstractProtocol pause
Informazioni: Pausing ProtocolHandler ["http-bio-8080"]
apr 30, 2014 12:24:16 PM org.apache.coyote.AbstractProtocol pause
Informazioni: Pausing ProtocolHandler ["ajp-bio-8009"]
apr 30, 2014 12:24:16 PM org.apache.catalina.core.StandardService stopInternal
Informazioni: Stopping service Catalina
apr 30, 2014 12:24:16 PM org.apache.catalina.loader.WebappClassLoader clearReferencesJdbc
Grave: The web application [/CorsoStudi] registered the JDBC driver [org.postgresql.Driver] but failed to unregister it when the web application was stopped. To prevent a memory leak, the JDBC Driver has been forcibly unregistered.
apr 30, 2014 12:24:16 PM org.apache.coyote.AbstractProtocol stop
Informazioni: Stopping ProtocolHandler ["http-bio-8080"]
apr 30, 2014 12:24:16 PM org.apache.coyote.AbstractProtocol stop
Informazioni: Stopping ProtocolHandler ["ajp-bio-8009"]
apr 30, 2014 12:24:16 PM org.apache.coyote.AbstractProtocol destroy
Informazioni: Destroying ProtocolHandler ["http-bio-8080"]
apr 30, 2014 12:24:16 PM org.apache.coyote.AbstractProtocol destroy
Informazioni: Destroying ProtocolHandler ["ajp-bio-8009"]
