mag 19, 2014 10:42:27 AM org.apache.catalina.core.StandardWrapperValve invoke
Grave: Servlet.service() for servlet [jsp] in context with path [/CorsoStudi] threw exception [Unable to compile class for JSP: 

An error occurred at line: 29 in the jsp file: /Corsi.jsp
The operator == is undefined for the argument type(s) boolean, int
26: 	idDip = "";
27: 
28: //A seconda della presenza o meno del parametro la JSP varia il proprio comportamento
29: if (idDip.equals("") == 0) {  
30: %>
31: <head>
32: <title>Errore!</title>


Stacktrace:] with root cause
org.apache.jasper.JasperException: Unable to compile class for JSP: 

An error occurred at line: 29 in the jsp file: /Corsi.jsp
The operator == is undefined for the argument type(s) boolean, int
26: 	idDip = "";
27: 
28: //A seconda della presenza o meno del parametro la JSP varia il proprio comportamento
29: if (idDip.equals("") == 0) {  
30: %>
31: <head>
32: <title>Errore!</title>


Stacktrace:
	at org.apache.jasper.compiler.DefaultErrorHandler.javacError(DefaultErrorHandler.java:102)
	at org.apache.jasper.compiler.ErrorDispatcher.javacError(ErrorDispatcher.java:331)
	at org.apache.jasper.compiler.JDTCompiler.generateClass(JDTCompiler.java:469)
	at org.apache.jasper.compiler.Compiler.compile(Compiler.java:378)
	at org.apache.jasper.compiler.Compiler.compile(Compiler.java:353)
	at org.apache.jasper.compiler.Compiler.compile(Compiler.java:340)
	at org.apache.jasper.JspCompilationContext.compile(JspCompilationContext.java:646)
	at org.apache.jasper.servlet.JspServletWrapper.service(JspServletWrapper.java:357)
	at org.apache.jasper.servlet.JspServlet.serviceJspFile(JspServlet.java:390)
	at org.apache.jasper.servlet.JspServlet.service(JspServlet.java:334)
	at javax.servlet.http.HttpServlet.service(HttpServlet.java:722)
	at org.apache.catalina.core.ApplicationFilterChain.internalDoFilter(ApplicationFilterChain.java:305)
	at org.apache.catalina.core.ApplicationFilterChain.doFilter(ApplicationFilterChain.java:210)
	at org.apache.catalina.core.StandardWrapperValve.invoke(StandardWrapperValve.java:222)
	at org.apache.catalina.core.StandardContextValve.invoke(StandardContextValve.java:123)
	at org.apache.catalina.authenticator.AuthenticatorBase.invoke(AuthenticatorBase.java:472)
	at org.apache.catalina.core.StandardHostValve.invoke(StandardHostValve.java:168)
	at org.apache.catalina.valves.ErrorReportValve.invoke(ErrorReportValve.java:99)
	at org.apache.catalina.core.StandardEngineValve.invoke(StandardEngineValve.java:118)
	at org.apache.catalina.connector.CoyoteAdapter.service(CoyoteAdapter.java:407)
	at org.apache.coyote.http11.AbstractHttp11Processor.process(AbstractHttp11Processor.java:1003)
	at org.apache.coyote.AbstractProtocol$AbstractConnectionHandler.process(AbstractProtocol.java:585)
	at org.apache.tomcat.util.net.JIoEndpoint$SocketProcessor.run(JIoEndpoint.java:310)
	at java.util.concurrent.ThreadPoolExecutor.runWorker(ThreadPoolExecutor.java:1145)
	at java.util.concurrent.ThreadPoolExecutor$Worker.run(ThreadPoolExecutor.java:615)
	at java.lang.Thread.run(Thread.java:744)

mag 19, 2014 10:42:31 AM org.apache.catalina.core.StandardWrapperValve invoke
Grave: Servlet.service() for servlet [jsp] in context with path [/CorsoStudi] threw exception [Unable to compile class for JSP: 

An error occurred at line: 29 in the jsp file: /Corsi.jsp
The operator == is undefined for the argument type(s) boolean, int
26: 	idDip = "";
27: 
28: //A seconda della presenza o meno del parametro la JSP varia il proprio comportamento
29: if (idDip.equals("") == 0) {  
30: %>
31: <head>
32: <title>Errore!</title>


Stacktrace:] with root cause
org.apache.jasper.JasperException: Unable to compile class for JSP: 

An error occurred at line: 29 in the jsp file: /Corsi.jsp
The operator == is undefined for the argument type(s) boolean, int
26: 	idDip = "";
27: 
28: //A seconda della presenza o meno del parametro la JSP varia il proprio comportamento
29: if (idDip.equals("") == 0) {  
30: %>
31: <head>
32: <title>Errore!</title>


Stacktrace:
	at org.apache.jasper.compiler.DefaultErrorHandler.javacError(DefaultErrorHandler.java:102)
	at org.apache.jasper.compiler.ErrorDispatcher.javacError(ErrorDispatcher.java:331)
	at org.apache.jasper.compiler.JDTCompiler.generateClass(JDTCompiler.java:469)
	at org.apache.jasper.compiler.Compiler.compile(Compiler.java:378)
	at org.apache.jasper.compiler.Compiler.compile(Compiler.java:353)
	at org.apache.jasper.compiler.Compiler.compile(Compiler.java:340)
	at org.apache.jasper.JspCompilationContext.compile(JspCompilationContext.java:646)
	at org.apache.jasper.servlet.JspServletWrapper.service(JspServletWrapper.java:357)
	at org.apache.jasper.servlet.JspServlet.serviceJspFile(JspServlet.java:390)
	at org.apache.jasper.servlet.JspServlet.service(JspServlet.java:334)
	at javax.servlet.http.HttpServlet.service(HttpServlet.java:722)
	at org.apache.catalina.core.ApplicationFilterChain.internalDoFilter(ApplicationFilterChain.java:305)
	at org.apache.catalina.core.ApplicationFilterChain.doFilter(ApplicationFilterChain.java:210)
	at org.apache.catalina.core.StandardWrapperValve.invoke(StandardWrapperValve.java:222)
	at org.apache.catalina.core.StandardContextValve.invoke(StandardContextValve.java:123)
	at org.apache.catalina.authenticator.AuthenticatorBase.invoke(AuthenticatorBase.java:472)
	at org.apache.catalina.core.StandardHostValve.invoke(StandardHostValve.java:168)
	at org.apache.catalina.valves.ErrorReportValve.invoke(ErrorReportValve.java:99)
	at org.apache.catalina.core.StandardEngineValve.invoke(StandardEngineValve.java:118)
	at org.apache.catalina.connector.CoyoteAdapter.service(CoyoteAdapter.java:407)
	at org.apache.coyote.http11.AbstractHttp11Processor.process(AbstractHttp11Processor.java:1003)
	at org.apache.coyote.AbstractProtocol$AbstractConnectionHandler.process(AbstractProtocol.java:585)
	at org.apache.tomcat.util.net.JIoEndpoint$SocketProcessor.run(JIoEndpoint.java:312)
	at java.util.concurrent.ThreadPoolExecutor.runWorker(ThreadPoolExecutor.java:1145)
	at java.util.concurrent.ThreadPoolExecutor$Worker.run(ThreadPoolExecutor.java:615)
	at java.lang.Thread.run(Thread.java:744)

mag 19, 2014 10:42:35 AM org.apache.catalina.core.StandardWrapperValve invoke
Grave: Servlet.service() for servlet [jsp] in context with path [/CorsoStudi] threw exception [Unable to compile class for JSP: 

An error occurred at line: 29 in the jsp file: /Corsi.jsp
The operator == is undefined for the argument type(s) boolean, int
26: 	idDip = "";
27: 
28: //A seconda della presenza o meno del parametro la JSP varia il proprio comportamento
29: if (idDip.equals("") == 0) {  
30: %>
31: <head>
32: <title>Errore!</title>


Stacktrace:] with root cause
org.apache.jasper.JasperException: Unable to compile class for JSP: 

An error occurred at line: 29 in the jsp file: /Corsi.jsp
The operator == is undefined for the argument type(s) boolean, int
26: 	idDip = "";
27: 
28: //A seconda della presenza o meno del parametro la JSP varia il proprio comportamento
29: if (idDip.equals("") == 0) {  
30: %>
31: <head>
32: <title>Errore!</title>


Stacktrace:
	at org.apache.jasper.compiler.DefaultErrorHandler.javacError(DefaultErrorHandler.java:102)
	at org.apache.jasper.compiler.ErrorDispatcher.javacError(ErrorDispatcher.java:331)
	at org.apache.jasper.compiler.JDTCompiler.generateClass(JDTCompiler.java:469)
	at org.apache.jasper.compiler.Compiler.compile(Compiler.java:378)
	at org.apache.jasper.compiler.Compiler.compile(Compiler.java:353)
	at org.apache.jasper.compiler.Compiler.compile(Compiler.java:340)
	at org.apache.jasper.JspCompilationContext.compile(JspCompilationContext.java:646)
	at org.apache.jasper.servlet.JspServletWrapper.service(JspServletWrapper.java:357)
	at org.apache.jasper.servlet.JspServlet.serviceJspFile(JspServlet.java:390)
	at org.apache.jasper.servlet.JspServlet.service(JspServlet.java:334)
	at javax.servlet.http.HttpServlet.service(HttpServlet.java:722)
	at org.apache.catalina.core.ApplicationFilterChain.internalDoFilter(ApplicationFilterChain.java:305)
	at org.apache.catalina.core.ApplicationFilterChain.doFilter(ApplicationFilterChain.java:210)
	at org.apache.catalina.core.StandardWrapperValve.invoke(StandardWrapperValve.java:222)
	at org.apache.catalina.core.StandardContextValve.invoke(StandardContextValve.java:123)
	at org.apache.catalina.authenticator.AuthenticatorBase.invoke(AuthenticatorBase.java:472)
	at org.apache.catalina.core.StandardHostValve.invoke(StandardHostValve.java:168)
	at org.apache.catalina.valves.ErrorReportValve.invoke(ErrorReportValve.java:99)
	at org.apache.catalina.core.StandardEngineValve.invoke(StandardEngineValve.java:118)
	at org.apache.catalina.connector.CoyoteAdapter.service(CoyoteAdapter.java:407)
	at org.apache.coyote.http11.AbstractHttp11Processor.process(AbstractHttp11Processor.java:1003)
	at org.apache.coyote.AbstractProtocol$AbstractConnectionHandler.process(AbstractProtocol.java:585)
	at org.apache.tomcat.util.net.JIoEndpoint$SocketProcessor.run(JIoEndpoint.java:312)
	at java.util.concurrent.ThreadPoolExecutor.runWorker(ThreadPoolExecutor.java:1145)
	at java.util.concurrent.ThreadPoolExecutor$Worker.run(ThreadPoolExecutor.java:615)
	at java.lang.Thread.run(Thread.java:744)

mag 19, 2014 10:46:30 AM org.apache.catalina.core.StandardWrapperValve invoke
Grave: Servlet.service() for servlet [jsp] in context with path [/CorsoStudi] threw exception [Unable to compile class for JSP: 

An error occurred at line: 75 in the jsp file: /Corsi.jsp
vcs cannot be resolved
72: %>	
73: 	<br/>
74: 	<br/>
75: 	<% if ( vcs.size() > 0 ){%>
76: 	<div style=" width:800px; margin:0 auto;">
77: 	<%
78: 		boolean isCs = false;


An error occurred at line: 82 in the jsp file: /Corsi.jsp
vcs cannot be resolved
79: 		boolean isCSLM = false;
80: 		boolean isD = false;
81: 		
82: 		for ( CorsoStudiBean csb : vcs )
83: 		{
84: 			if ( csb.getId_tipocs() == 5 || csb.getId_tipocs() == 20 )
85: 				isCs = true;


An error occurred at line: 94 in the jsp file: /Corsi.jsp
vcs cannot be resolved
91: 		if ( isCs ){
92: 		%>
93: 			CORSI DI LAUREA: 
94: 					<% for ( int i = 0; i<vcs.size(); i++) 
95: 					{
96: 						CorsoStudiBean csb =(CorsoStudiBean) vcs.get(i);
97: 						if ( csb.getId_tipocs() == 5 || csb.getId_tipocs() == 20 ){


An error occurred at line: 96 in the jsp file: /Corsi.jsp
vcs cannot be resolved
93: 			CORSI DI LAUREA: 
94: 					<% for ( int i = 0; i<vcs.size(); i++) 
95: 					{
96: 						CorsoStudiBean csb =(CorsoStudiBean) vcs.get(i);
97: 						if ( csb.getId_tipocs() == 5 || csb.getId_tipocs() == 20 ){
98: 					%>
99: 						<ul>


An error occurred at line: 111 in the jsp file: /Corsi.jsp
vcs cannot be resolved
108: 					<% } %>
109: 		<% } if ( isCSLM ) {%>
110: 					CORSI DI LAUREA MAGISTRALE: 
111: 					<% for ( int i = 0; i<vcs.size(); i++) 
112: 					{
113: 						CorsoStudiBean csb =(CorsoStudiBean) vcs.get(i);
114: 						if ( csb.getId_tipocs() == 25 || csb.getId_tipocs() == 23 ){


An error occurred at line: 113 in the jsp file: /Corsi.jsp
vcs cannot be resolved
110: 					CORSI DI LAUREA MAGISTRALE: 
111: 					<% for ( int i = 0; i<vcs.size(); i++) 
112: 					{
113: 						CorsoStudiBean csb =(CorsoStudiBean) vcs.get(i);
114: 						if ( csb.getId_tipocs() == 25 || csb.getId_tipocs() == 23 ){
115: 					%>
116: 						<ul>


An error occurred at line: 128 in the jsp file: /Corsi.jsp
vcs cannot be resolved
125: 					<% } %>
126: 		<% } if ( isD ) {%>
127: 					DOTTORATI: 
128: 					<% for ( int i = 0; i<vcs.size(); i++) 
129: 					{
130: 						CorsoStudiBean csb =(CorsoStudiBean) vcs.get(i);
131: 						if ( csb.getId_tipocs() == 14 ){


An error occurred at line: 130 in the jsp file: /Corsi.jsp
vcs cannot be resolved
127: 					DOTTORATI: 
128: 					<% for ( int i = 0; i<vcs.size(); i++) 
129: 					{
130: 						CorsoStudiBean csb =(CorsoStudiBean) vcs.get(i);
131: 						if ( csb.getId_tipocs() == 14 ){
132: 					%>
133: 						<ul>


Stacktrace:] with root cause
org.apache.jasper.JasperException: Unable to compile class for JSP: 

An error occurred at line: 75 in the jsp file: /Corsi.jsp
vcs cannot be resolved
72: %>	
73: 	<br/>
74: 	<br/>
75: 	<% if ( vcs.size() > 0 ){%>
76: 	<div style=" width:800px; margin:0 auto;">
77: 	<%
78: 		boolean isCs = false;


An error occurred at line: 82 in the jsp file: /Corsi.jsp
vcs cannot be resolved
79: 		boolean isCSLM = false;
80: 		boolean isD = false;
81: 		
82: 		for ( CorsoStudiBean csb : vcs )
83: 		{
84: 			if ( csb.getId_tipocs() == 5 || csb.getId_tipocs() == 20 )
85: 				isCs = true;


An error occurred at line: 94 in the jsp file: /Corsi.jsp
vcs cannot be resolved
91: 		if ( isCs ){
92: 		%>
93: 			CORSI DI LAUREA: 
94: 					<% for ( int i = 0; i<vcs.size(); i++) 
95: 					{
96: 						CorsoStudiBean csb =(CorsoStudiBean) vcs.get(i);
97: 						if ( csb.getId_tipocs() == 5 || csb.getId_tipocs() == 20 ){


An error occurred at line: 96 in the jsp file: /Corsi.jsp
vcs cannot be resolved
93: 			CORSI DI LAUREA: 
94: 					<% for ( int i = 0; i<vcs.size(); i++) 
95: 					{
96: 						CorsoStudiBean csb =(CorsoStudiBean) vcs.get(i);
97: 						if ( csb.getId_tipocs() == 5 || csb.getId_tipocs() == 20 ){
98: 					%>
99: 						<ul>


An error occurred at line: 111 in the jsp file: /Corsi.jsp
vcs cannot be resolved
108: 					<% } %>
109: 		<% } if ( isCSLM ) {%>
110: 					CORSI DI LAUREA MAGISTRALE: 
111: 					<% for ( int i = 0; i<vcs.size(); i++) 
112: 					{
113: 						CorsoStudiBean csb =(CorsoStudiBean) vcs.get(i);
114: 						if ( csb.getId_tipocs() == 25 || csb.getId_tipocs() == 23 ){


An error occurred at line: 113 in the jsp file: /Corsi.jsp
vcs cannot be resolved
110: 					CORSI DI LAUREA MAGISTRALE: 
111: 					<% for ( int i = 0; i<vcs.size(); i++) 
112: 					{
113: 						CorsoStudiBean csb =(CorsoStudiBean) vcs.get(i);
114: 						if ( csb.getId_tipocs() == 25 || csb.getId_tipocs() == 23 ){
115: 					%>
116: 						<ul>


An error occurred at line: 128 in the jsp file: /Corsi.jsp
vcs cannot be resolved
125: 					<% } %>
126: 		<% } if ( isD ) {%>
127: 					DOTTORATI: 
128: 					<% for ( int i = 0; i<vcs.size(); i++) 
129: 					{
130: 						CorsoStudiBean csb =(CorsoStudiBean) vcs.get(i);
131: 						if ( csb.getId_tipocs() == 14 ){


An error occurred at line: 130 in the jsp file: /Corsi.jsp
vcs cannot be resolved
127: 					DOTTORATI: 
128: 					<% for ( int i = 0; i<vcs.size(); i++) 
129: 					{
130: 						CorsoStudiBean csb =(CorsoStudiBean) vcs.get(i);
131: 						if ( csb.getId_tipocs() == 14 ){
132: 					%>
133: 						<ul>


Stacktrace:
	at org.apache.jasper.compiler.DefaultErrorHandler.javacError(DefaultErrorHandler.java:102)
	at org.apache.jasper.compiler.ErrorDispatcher.javacError(ErrorDispatcher.java:331)
	at org.apache.jasper.compiler.JDTCompiler.generateClass(JDTCompiler.java:469)
	at org.apache.jasper.compiler.Compiler.compile(Compiler.java:378)
	at org.apache.jasper.compiler.Compiler.compile(Compiler.java:353)
	at org.apache.jasper.compiler.Compiler.compile(Compiler.java:340)
	at org.apache.jasper.JspCompilationContext.compile(JspCompilationContext.java:646)
	at org.apache.jasper.servlet.JspServletWrapper.service(JspServletWrapper.java:357)
	at org.apache.jasper.servlet.JspServlet.serviceJspFile(JspServlet.java:390)
	at org.apache.jasper.servlet.JspServlet.service(JspServlet.java:334)
	at javax.servlet.http.HttpServlet.service(HttpServlet.java:722)
	at org.apache.catalina.core.ApplicationFilterChain.internalDoFilter(ApplicationFilterChain.java:305)
	at org.apache.catalina.core.ApplicationFilterChain.doFilter(ApplicationFilterChain.java:210)
	at org.apache.catalina.core.StandardWrapperValve.invoke(StandardWrapperValve.java:222)
	at org.apache.catalina.core.StandardContextValve.invoke(StandardContextValve.java:123)
	at org.apache.catalina.authenticator.AuthenticatorBase.invoke(AuthenticatorBase.java:472)
	at org.apache.catalina.core.StandardHostValve.invoke(StandardHostValve.java:168)
	at org.apache.catalina.valves.ErrorReportValve.invoke(ErrorReportValve.java:99)
	at org.apache.catalina.core.StandardEngineValve.invoke(StandardEngineValve.java:118)
	at org.apache.catalina.connector.CoyoteAdapter.service(CoyoteAdapter.java:407)
	at org.apache.coyote.http11.AbstractHttp11Processor.process(AbstractHttp11Processor.java:1003)
	at org.apache.coyote.AbstractProtocol$AbstractConnectionHandler.process(AbstractProtocol.java:585)
	at org.apache.tomcat.util.net.JIoEndpoint$SocketProcessor.run(JIoEndpoint.java:310)
	at java.util.concurrent.ThreadPoolExecutor.runWorker(ThreadPoolExecutor.java:1145)
	at java.util.concurrent.ThreadPoolExecutor$Worker.run(ThreadPoolExecutor.java:615)
	at java.lang.Thread.run(Thread.java:744)

mag 19, 2014 10:46:35 AM org.apache.catalina.core.StandardWrapperValve invoke
Grave: Servlet.service() for servlet [jsp] in context with path [/CorsoStudi] threw exception [Unable to compile class for JSP: 

An error occurred at line: 75 in the jsp file: /Corsi.jsp
vcs cannot be resolved
72: %>	
73: 	<br/>
74: 	<br/>
75: 	<% if ( vcs.size() > 0 ){%>
76: 	<div style=" width:800px; margin:0 auto;">
77: 	<%
78: 		boolean isCs = false;


An error occurred at line: 82 in the jsp file: /Corsi.jsp
vcs cannot be resolved
79: 		boolean isCSLM = false;
80: 		boolean isD = false;
81: 		
82: 		for ( CorsoStudiBean csb : vcs )
83: 		{
84: 			if ( csb.getId_tipocs() == 5 || csb.getId_tipocs() == 20 )
85: 				isCs = true;


An error occurred at line: 94 in the jsp file: /Corsi.jsp
vcs cannot be resolved
91: 		if ( isCs ){
92: 		%>
93: 			CORSI DI LAUREA: 
94: 					<% for ( int i = 0; i<vcs.size(); i++) 
95: 					{
96: 						CorsoStudiBean csb =(CorsoStudiBean) vcs.get(i);
97: 						if ( csb.getId_tipocs() == 5 || csb.getId_tipocs() == 20 ){


An error occurred at line: 96 in the jsp file: /Corsi.jsp
vcs cannot be resolved
93: 			CORSI DI LAUREA: 
94: 					<% for ( int i = 0; i<vcs.size(); i++) 
95: 					{
96: 						CorsoStudiBean csb =(CorsoStudiBean) vcs.get(i);
97: 						if ( csb.getId_tipocs() == 5 || csb.getId_tipocs() == 20 ){
98: 					%>
99: 						<ul>


An error occurred at line: 111 in the jsp file: /Corsi.jsp
vcs cannot be resolved
108: 					<% } %>
109: 		<% } if ( isCSLM ) {%>
110: 					CORSI DI LAUREA MAGISTRALE: 
111: 					<% for ( int i = 0; i<vcs.size(); i++) 
112: 					{
113: 						CorsoStudiBean csb =(CorsoStudiBean) vcs.get(i);
114: 						if ( csb.getId_tipocs() == 25 || csb.getId_tipocs() == 23 ){


An error occurred at line: 113 in the jsp file: /Corsi.jsp
vcs cannot be resolved
110: 					CORSI DI LAUREA MAGISTRALE: 
111: 					<% for ( int i = 0; i<vcs.size(); i++) 
112: 					{
113: 						CorsoStudiBean csb =(CorsoStudiBean) vcs.get(i);
114: 						if ( csb.getId_tipocs() == 25 || csb.getId_tipocs() == 23 ){
115: 					%>
116: 						<ul>


An error occurred at line: 128 in the jsp file: /Corsi.jsp
vcs cannot be resolved
125: 					<% } %>
126: 		<% } if ( isD ) {%>
127: 					DOTTORATI: 
128: 					<% for ( int i = 0; i<vcs.size(); i++) 
129: 					{
130: 						CorsoStudiBean csb =(CorsoStudiBean) vcs.get(i);
131: 						if ( csb.getId_tipocs() == 14 ){


An error occurred at line: 130 in the jsp file: /Corsi.jsp
vcs cannot be resolved
127: 					DOTTORATI: 
128: 					<% for ( int i = 0; i<vcs.size(); i++) 
129: 					{
130: 						CorsoStudiBean csb =(CorsoStudiBean) vcs.get(i);
131: 						if ( csb.getId_tipocs() == 14 ){
132: 					%>
133: 						<ul>


Stacktrace:] with root cause
org.apache.jasper.JasperException: Unable to compile class for JSP: 

An error occurred at line: 75 in the jsp file: /Corsi.jsp
vcs cannot be resolved
72: %>	
73: 	<br/>
74: 	<br/>
75: 	<% if ( vcs.size() > 0 ){%>
76: 	<div style=" width:800px; margin:0 auto;">
77: 	<%
78: 		boolean isCs = false;


An error occurred at line: 82 in the jsp file: /Corsi.jsp
vcs cannot be resolved
79: 		boolean isCSLM = false;
80: 		boolean isD = false;
81: 		
82: 		for ( CorsoStudiBean csb : vcs )
83: 		{
84: 			if ( csb.getId_tipocs() == 5 || csb.getId_tipocs() == 20 )
85: 				isCs = true;


An error occurred at line: 94 in the jsp file: /Corsi.jsp
vcs cannot be resolved
91: 		if ( isCs ){
92: 		%>
93: 			CORSI DI LAUREA: 
94: 					<% for ( int i = 0; i<vcs.size(); i++) 
95: 					{
96: 						CorsoStudiBean csb =(CorsoStudiBean) vcs.get(i);
97: 						if ( csb.getId_tipocs() == 5 || csb.getId_tipocs() == 20 ){


An error occurred at line: 96 in the jsp file: /Corsi.jsp
vcs cannot be resolved
93: 			CORSI DI LAUREA: 
94: 					<% for ( int i = 0; i<vcs.size(); i++) 
95: 					{
96: 						CorsoStudiBean csb =(CorsoStudiBean) vcs.get(i);
97: 						if ( csb.getId_tipocs() == 5 || csb.getId_tipocs() == 20 ){
98: 					%>
99: 						<ul>


An error occurred at line: 111 in the jsp file: /Corsi.jsp
vcs cannot be resolved
108: 					<% } %>
109: 		<% } if ( isCSLM ) {%>
110: 					CORSI DI LAUREA MAGISTRALE: 
111: 					<% for ( int i = 0; i<vcs.size(); i++) 
112: 					{
113: 						CorsoStudiBean csb =(CorsoStudiBean) vcs.get(i);
114: 						if ( csb.getId_tipocs() == 25 || csb.getId_tipocs() == 23 ){


An error occurred at line: 113 in the jsp file: /Corsi.jsp
vcs cannot be resolved
110: 					CORSI DI LAUREA MAGISTRALE: 
111: 					<% for ( int i = 0; i<vcs.size(); i++) 
112: 					{
113: 						CorsoStudiBean csb =(CorsoStudiBean) vcs.get(i);
114: 						if ( csb.getId_tipocs() == 25 || csb.getId_tipocs() == 23 ){
115: 					%>
116: 						<ul>


An error occurred at line: 128 in the jsp file: /Corsi.jsp
vcs cannot be resolved
125: 					<% } %>
126: 		<% } if ( isD ) {%>
127: 					DOTTORATI: 
128: 					<% for ( int i = 0; i<vcs.size(); i++) 
129: 					{
130: 						CorsoStudiBean csb =(CorsoStudiBean) vcs.get(i);
131: 						if ( csb.getId_tipocs() == 14 ){


An error occurred at line: 130 in the jsp file: /Corsi.jsp
vcs cannot be resolved
127: 					DOTTORATI: 
128: 					<% for ( int i = 0; i<vcs.size(); i++) 
129: 					{
130: 						CorsoStudiBean csb =(CorsoStudiBean) vcs.get(i);
131: 						if ( csb.getId_tipocs() == 14 ){
132: 					%>
133: 						<ul>


Stacktrace:
	at org.apache.jasper.compiler.DefaultErrorHandler.javacError(DefaultErrorHandler.java:102)
	at org.apache.jasper.compiler.ErrorDispatcher.javacError(ErrorDispatcher.java:331)
	at org.apache.jasper.compiler.JDTCompiler.generateClass(JDTCompiler.java:469)
	at org.apache.jasper.compiler.Compiler.compile(Compiler.java:378)
	at org.apache.jasper.compiler.Compiler.compile(Compiler.java:353)
	at org.apache.jasper.compiler.Compiler.compile(Compiler.java:340)
	at org.apache.jasper.JspCompilationContext.compile(JspCompilationContext.java:646)
	at org.apache.jasper.servlet.JspServletWrapper.service(JspServletWrapper.java:357)
	at org.apache.jasper.servlet.JspServlet.serviceJspFile(JspServlet.java:390)
	at org.apache.jasper.servlet.JspServlet.service(JspServlet.java:334)
	at javax.servlet.http.HttpServlet.service(HttpServlet.java:722)
	at org.apache.catalina.core.ApplicationFilterChain.internalDoFilter(ApplicationFilterChain.java:305)
	at org.apache.catalina.core.ApplicationFilterChain.doFilter(ApplicationFilterChain.java:210)
	at org.apache.catalina.core.StandardWrapperValve.invoke(StandardWrapperValve.java:222)
	at org.apache.catalina.core.StandardContextValve.invoke(StandardContextValve.java:123)
	at org.apache.catalina.authenticator.AuthenticatorBase.invoke(AuthenticatorBase.java:472)
	at org.apache.catalina.core.StandardHostValve.invoke(StandardHostValve.java:168)
	at org.apache.catalina.valves.ErrorReportValve.invoke(ErrorReportValve.java:99)
	at org.apache.catalina.core.StandardEngineValve.invoke(StandardEngineValve.java:118)
	at org.apache.catalina.connector.CoyoteAdapter.service(CoyoteAdapter.java:407)
	at org.apache.coyote.http11.AbstractHttp11Processor.process(AbstractHttp11Processor.java:1003)
	at org.apache.coyote.AbstractProtocol$AbstractConnectionHandler.process(AbstractProtocol.java:585)
	at org.apache.tomcat.util.net.JIoEndpoint$SocketProcessor.run(JIoEndpoint.java:312)
	at java.util.concurrent.ThreadPoolExecutor.runWorker(ThreadPoolExecutor.java:1145)
	at java.util.concurrent.ThreadPoolExecutor$Worker.run(ThreadPoolExecutor.java:615)
	at java.lang.Thread.run(Thread.java:744)

